<?xml version="1.0" encoding="UTF-8"?>
<coverage generated="1737922865968" clover="3.2.0">
  <project timestamp="1737922865969" name="All files">
    <metrics statements="187" coveredstatements="169" conditionals="92" coveredconditionals="82" methods="34" coveredmethods="34" elements="313" coveredelements="285" complexity="0" loc="187" ncloc="187" packages="3" files="6" classes="6">
      <package name="models">
        <metrics statements="15" coveredstatements="13" conditionals="10" coveredconditionals="7" methods="4" coveredmethods="4"/>
        <file name="RailroadGraph.js" path="C:\Users\Admin\test_2025_01_mohamed_ghowainam\backend\models\RailroadGraph.js">
          <metrics statements="15" coveredstatements="13" conditionals="10" coveredconditionals="7" methods="4" coveredmethods="4"/>
          <line num="1" count="2" type="stmt"/>
          <line num="14" count="1" type="cond" truecount="1" falsecount="1"/>
          <line num="15" count="0" type="stmt"/>
          <line num="18" count="1" type="stmt"/>
          <line num="19" count="1" type="stmt"/>
          <line num="20" count="9" type="stmt"/>
          <line num="22" count="1" type="stmt"/>
          <line num="33" count="9" type="cond" truecount="3" falsecount="1"/>
          <line num="34" count="0" type="stmt"/>
          <line num="36" count="9" type="cond" truecount="2" falsecount="0"/>
          <line num="37" count="5" type="stmt"/>
          <line num="39" count="9" type="stmt"/>
          <line num="40" count="9" type="stmt"/>
          <line num="50" count="43" type="cond" truecount="1" falsecount="1"/>
          <line num="54" count="2" type="stmt"/>
        </file>
      </package>
      <package name="services">
        <metrics statements="167" coveredstatements="151" conditionals="82" coveredconditionals="75" methods="29" coveredmethods="29"/>
        <file name="distanceCalculator.js" path="C:\Users\Admin\test_2025_01_mohamed_ghowainam\backend\services\distanceCalculator.js">
          <metrics statements="22" coveredstatements="22" conditionals="8" coveredconditionals="8" methods="4" coveredmethods="4"/>
          <line num="1" count="2" type="stmt"/>
          <line num="13" count="16" type="stmt"/>
          <line num="14" count="16" type="stmt"/>
          <line num="23" count="9" type="stmt"/>
          <line num="24" count="9" type="cond" truecount="4" falsecount="0"/>
          <line num="25" count="1" type="stmt"/>
          <line num="27" count="8" type="stmt"/>
          <line num="28" count="8" type="stmt"/>
          <line num="29" count="8" type="stmt"/>
          <line num="30" count="15" type="stmt"/>
          <line num="31" count="15" type="cond" truecount="2" falsecount="0"/>
          <line num="32" count="12" type="stmt"/>
          <line num="34" count="5" type="stmt"/>
          <line num="35" count="5" type="stmt"/>
          <line num="37" count="1" type="stmt"/>
          <line num="38" count="1" type="stmt"/>
          <line num="49" count="15" type="stmt"/>
          <line num="50" count="21" type="stmt"/>
          <line num="51" count="15" type="cond" truecount="2" falsecount="0"/>
          <line num="52" count="15" type="stmt"/>
          <line num="53" count="15" type="stmt"/>
          <line num="57" count="2" type="stmt"/>
        </file>
        <file name="railroadService.js" path="C:\Users\Admin\test_2025_01_mohamed_ghowainam\backend\services\railroadService.js">
          <metrics statements="35" coveredstatements="25" conditionals="0" coveredconditionals="0" methods="6" coveredmethods="6"/>
          <line num="1" count="1" type="stmt"/>
          <line num="2" count="1" type="stmt"/>
          <line num="3" count="1" type="stmt"/>
          <line num="4" count="1" type="stmt"/>
          <line num="5" count="1" type="stmt"/>
          <line num="17" count="12" type="stmt"/>
          <line num="18" count="12" type="stmt"/>
          <line num="19" count="12" type="stmt"/>
          <line num="20" count="12" type="stmt"/>
          <line num="29" count="6" type="stmt"/>
          <line num="30" count="6" type="stmt"/>
          <line num="31" count="6" type="stmt"/>
          <line num="33" count="0" type="stmt"/>
          <line num="34" count="0" type="stmt"/>
          <line num="46" count="1" type="stmt"/>
          <line num="47" count="1" type="stmt"/>
          <line num="50" count="1" type="stmt"/>
          <line num="52" count="0" type="stmt"/>
          <line num="53" count="0" type="stmt"/>
          <line num="65" count="1" type="stmt"/>
          <line num="66" count="1" type="stmt"/>
          <line num="69" count="1" type="stmt"/>
          <line num="75" count="0" type="stmt"/>
          <line num="76" count="0" type="stmt"/>
          <line num="87" count="3" type="stmt"/>
          <line num="88" count="3" type="stmt"/>
          <line num="89" count="3" type="stmt"/>
          <line num="91" count="0" type="stmt"/>
          <line num="92" count="0" type="stmt"/>
          <line num="104" count="1" type="stmt"/>
          <line num="105" count="1" type="stmt"/>
          <line num="108" count="1" type="stmt"/>
          <line num="114" count="0" type="stmt"/>
          <line num="115" count="0" type="stmt"/>
          <line num="120" count="1" type="stmt"/>
        </file>
        <file name="routeCalculator.js" path="C:\Users\Admin\test_2025_01_mohamed_ghowainam\backend\services\routeCalculator.js">
          <metrics statements="77" coveredstatements="71" conditionals="52" coveredconditionals="46" methods="10" coveredmethods="10"/>
          <line num="1" count="2" type="stmt"/>
          <line num="13" count="17" type="stmt"/>
          <line num="14" count="17" type="stmt"/>
          <line num="25" count="3" type="stmt"/>
          <line num="26" count="3" type="cond" truecount="6" falsecount="0"/>
          <line num="27" count="1" type="stmt"/>
          <line num="29" count="2" type="stmt"/>
          <line num="30" count="2" type="stmt"/>
          <line num="31" count="2" type="stmt"/>
          <line num="32" count="2" type="stmt"/>
          <line num="33" count="2" type="stmt"/>
          <line num="35" count="1" type="stmt"/>
          <line num="36" count="1" type="stmt"/>
          <line num="51" count="8" type="cond" truecount="1" falsecount="1"/>
          <line num="52" count="8" type="cond" truecount="4" falsecount="0"/>
          <line num="53" count="1" type="stmt"/>
          <line num="54" count="1" type="stmt"/>
          <line num="55" count="1" type="stmt"/>
          <line num="57" count="7" type="cond" truecount="2" falsecount="0"/>
          <line num="58" count="2" type="stmt"/>
          <line num="60" count="7" type="stmt"/>
          <line num="61" count="7" type="stmt"/>
          <line num="62" count="9" type="cond" truecount="2" falsecount="0"/>
          <line num="63" count="6" type="stmt"/>
          <line num="64" count="6" type="stmt"/>
          <line num="65" count="6" type="stmt"/>
          <line num="68" count="7" type="stmt"/>
          <line num="79" count="2" type="stmt"/>
          <line num="80" count="2" type="cond" truecount="5" falsecount="1"/>
          <line num="81" count="0" type="stmt"/>
          <line num="83" count="2" type="stmt"/>
          <line num="84" count="2" type="stmt"/>
          <line num="85" count="2" type="stmt"/>
          <line num="86" count="2" type="stmt"/>
          <line num="87" count="2" type="stmt"/>
          <line num="89" count="0" type="stmt"/>
          <line num="90" count="0" type="stmt"/>
          <line num="105" count="13" type="cond" truecount="1" falsecount="1"/>
          <line num="106" count="13" type="cond" truecount="4" falsecount="0"/>
          <line num="107" count="2" type="stmt"/>
          <line num="108" count="2" type="stmt"/>
          <line num="109" count="2" type="stmt"/>
          <line num="110" count="11" type="cond" truecount="4" falsecount="0"/>
          <line num="111" count="8" type="cond" truecount="2" falsecount="0"/>
          <line num="112" count="2" type="stmt"/>
          <line num="114" count="8" type="stmt"/>
          <line num="115" count="8" type="stmt"/>
          <line num="116" count="11" type="cond" truecount="1" falsecount="1"/>
          <line num="117" count="11" type="stmt"/>
          <line num="118" count="11" type="stmt"/>
          <line num="119" count="11" type="stmt"/>
          <line num="122" count="8" type="stmt"/>
          <line num="134" count="2" type="stmt"/>
          <line num="135" count="2" type="cond" truecount="5" falsecount="1"/>
          <line num="136" count="0" type="stmt"/>
          <line num="138" count="2" type="stmt"/>
          <line num="139" count="2" type="stmt"/>
          <line num="140" count="2" type="stmt"/>
          <line num="141" count="2" type="stmt"/>
          <line num="142" count="2" type="stmt"/>
          <line num="144" count="0" type="stmt"/>
          <line num="145" count="0" type="stmt"/>
          <line num="160" count="8" type="cond" truecount="1" falsecount="1"/>
          <line num="161" count="8" type="cond" truecount="4" falsecount="0"/>
          <line num="162" count="1" type="stmt"/>
          <line num="163" count="1" type="stmt"/>
          <line num="164" count="1" type="stmt"/>
          <line num="166" count="7" type="cond" truecount="2" falsecount="0"/>
          <line num="167" count="2" type="stmt"/>
          <line num="169" count="7" type="stmt"/>
          <line num="170" count="7" type="stmt"/>
          <line num="171" count="9" type="cond" truecount="2" falsecount="0"/>
          <line num="172" count="6" type="stmt"/>
          <line num="173" count="6" type="stmt"/>
          <line num="174" count="6" type="stmt"/>
          <line num="177" count="7" type="stmt"/>
          <line num="182" count="2" type="stmt"/>
        </file>
        <file name="shortRouteCalculator.js" path="C:\Users\Admin\test_2025_01_mohamed_ghowainam\backend\services\shortRouteCalculator.js">
          <metrics statements="33" coveredstatements="33" conditionals="22" coveredconditionals="21" methods="9" coveredmethods="9"/>
          <line num="1" count="2" type="stmt"/>
          <line num="13" count="16" type="stmt"/>
          <line num="14" count="16" type="stmt"/>
          <line num="24" count="6" type="stmt"/>
          <line num="25" count="6" type="cond" truecount="4" falsecount="0"/>
          <line num="26" count="1" type="stmt"/>
          <line num="28" count="5" type="stmt"/>
          <line num="30" count="5" type="stmt"/>
          <line num="32" count="5" type="stmt"/>
          <line num="34" count="16" type="stmt"/>
          <line num="36" count="16" type="cond" truecount="1" falsecount="1"/>
          <line num="37" count="16" type="stmt"/>
          <line num="39" count="16" type="stmt"/>
          <line num="41" count="16" type="cond" truecount="2" falsecount="0"/>
          <line num="42" count="3" type="stmt"/>
          <line num="43" count="3" type="stmt"/>
          <line num="46" count="13" type="stmt"/>
          <line num="55" count="2" type="stmt"/>
          <line num="57" count="3" type="stmt"/>
          <line num="58" count="3" type="stmt"/>
          <line num="68" count="5" type="stmt"/>
          <line num="69" count="5" type="stmt"/>
          <line num="70" count="5" type="stmt"/>
          <line num="71" count="5" type="stmt"/>
          <line num="82" count="16" type="cond" truecount="2" falsecount="0"/>
          <line num="92" count="16" type="cond" truecount="2" falsecount="0"/>
          <line num="96" count="15" type="stmt"/>
          <line num="109" count="16" type="stmt"/>
          <line num="130" count="13" type="stmt"/>
          <line num="131" count="18" type="cond" truecount="4" falsecount="0"/>
          <line num="132" count="14" type="stmt"/>
          <line num="138" count="18" type="stmt"/>
          <line num="142" count="2" type="stmt"/>
        </file>
      </package>
      <package name="utils">
        <metrics statements="5" coveredstatements="5" conditionals="0" coveredconditionals="0" methods="1" coveredmethods="1"/>
        <file name="logger.js" path="C:\Users\Admin\test_2025_01_mohamed_ghowainam\backend\utils\logger.js">
          <metrics statements="5" coveredstatements="5" conditionals="0" coveredconditionals="0" methods="1" coveredmethods="1"/>
          <line num="1" count="4" type="stmt"/>
          <line num="2" count="4" type="stmt"/>
          <line num="11" count="4" type="stmt"/>
          <line num="15" count="106" type="stmt"/>
          <line num="28" count="4" type="stmt"/>
        </file>
      </package>
    </metrics>
  </project>
</coverage>
