{"C:\\Users\\Admin\\test_2025_01_mohamed_ghowainam\\backend\\models\\RailroadGraph.js": {"path":"C:\\Users\\Admin\\test_2025_01_mohamed_ghowainam\\backend\\models\\RailroadGraph.js","statementMap":{"0":{"start":{"line":1,"column":15},"end":{"line":1,"column":41}},"1":{"start":{"line":14,"column":8},"end":{"line":16,"column":9}},"2":{"start":{"line":15,"column":12},"end":{"line":15,"column":58}},"3":{"start":{"line":18,"column":8},"end":{"line":18,"column":39}},"4":{"start":{"line":19,"column":8},"end":{"line":21,"column":11}},"5":{"start":{"line":20,"column":12},"end":{"line":20,"column":54}},"6":{"start":{"line":22,"column":8},"end":{"line":22,"column":49}},"7":{"start":{"line":33,"column":8},"end":{"line":35,"column":9}},"8":{"start":{"line":34,"column":12},"end":{"line":34,"column":92}},"9":{"start":{"line":36,"column":8},"end":{"line":38,"column":9}},"10":{"start":{"line":37,"column":12},"end":{"line":37,"column":47}},"11":{"start":{"line":39,"column":8},"end":{"line":39,"column":75}},"12":{"start":{"line":40,"column":8},"end":{"line":40,"column":89}},"13":{"start":{"line":50,"column":8},"end":{"line":50,"column":50}},"14":{"start":{"line":54,"column":0},"end":{"line":54,"column":31}}},"fnMap":{"0":{"name":"(anonymous_0)","decl":{"start":{"line":13,"column":4},"end":{"line":13,"column":5}},"loc":{"start":{"line":13,"column":23},"end":{"line":23,"column":5}},"line":13},"1":{"name":"(anonymous_1)","decl":{"start":{"line":19,"column":22},"end":{"line":19,"column":23}},"loc":{"start":{"line":19,"column":57},"end":{"line":21,"column":9}},"line":19},"2":{"name":"(anonymous_2)","decl":{"start":{"line":32,"column":4},"end":{"line":32,"column":5}},"loc":{"start":{"line":32,"column":41},"end":{"line":42,"column":5}},"line":32},"3":{"name":"(anonymous_3)","decl":{"start":{"line":49,"column":4},"end":{"line":49,"column":5}},"loc":{"start":{"line":49,"column":23},"end":{"line":51,"column":5}},"line":49}},"branchMap":{"0":{"loc":{"start":{"line":14,"column":8},"end":{"line":16,"column":9}},"type":"if","locations":[{"start":{"line":14,"column":8},"end":{"line":16,"column":9}},{"start":{"line":14,"column":8},"end":{"line":16,"column":9}}],"line":14},"1":{"loc":{"start":{"line":33,"column":8},"end":{"line":35,"column":9}},"type":"if","locations":[{"start":{"line":33,"column":8},"end":{"line":35,"column":9}},{"start":{"line":33,"column":8},"end":{"line":35,"column":9}}],"line":33},"2":{"loc":{"start":{"line":33,"column":12},"end":{"line":33,"column":53}},"type":"binary-expr","locations":[{"start":{"line":33,"column":12},"end":{"line":33,"column":38}},{"start":{"line":33,"column":42},"end":{"line":33,"column":53}}],"line":33},"3":{"loc":{"start":{"line":36,"column":8},"end":{"line":38,"column":9}},"type":"if","locations":[{"start":{"line":36,"column":8},"end":{"line":38,"column":9}},{"start":{"line":36,"column":8},"end":{"line":38,"column":9}}],"line":36},"4":{"loc":{"start":{"line":50,"column":15},"end":{"line":50,"column":49}},"type":"binary-expr","locations":[{"start":{"line":50,"column":15},"end":{"line":50,"column":43}},{"start":{"line":50,"column":47},"end":{"line":50,"column":49}}],"line":50}},"s":{"0":2,"1":1,"2":0,"3":1,"4":1,"5":9,"6":1,"7":9,"8":0,"9":9,"10":5,"11":9,"12":9,"13":43,"14":2},"f":{"0":1,"1":9,"2":9,"3":43},"b":{"0":[0,1],"1":[0,9],"2":[9,9],"3":[5,4],"4":[43,0]},"_coverageSchema":"332fd63041d2c1bcb487cc26dd0d5f7d97098a6c","hash":"b9c2f556ce4cae2d47a9871ac9070398b4082532"}
,"C:\\Users\\Admin\\test_2025_01_mohamed_ghowainam\\backend\\services\\distanceCalculator.js": {"path":"C:\\Users\\Admin\\test_2025_01_mohamed_ghowainam\\backend\\services\\distanceCalculator.js","statementMap":{"0":{"start":{"line":1,"column":15},"end":{"line":1,"column":41}},"1":{"start":{"line":13,"column":8},"end":{"line":13,"column":27}},"2":{"start":{"line":14,"column":8},"end":{"line":14,"column":54}},"3":{"start":{"line":23,"column":8},"end":{"line":39,"column":9}},"4":{"start":{"line":24,"column":12},"end":{"line":26,"column":13}},"5":{"start":{"line":25,"column":16},"end":{"line":25,"column":80}},"6":{"start":{"line":27,"column":12},"end":{"line":27,"column":79}},"7":{"start":{"line":28,"column":32},"end":{"line":28,"column":33}},"8":{"start":{"line":29,"column":12},"end":{"line":33,"column":13}},"9":{"start":{"line":30,"column":33},"end":{"line":30,"column":75}},"10":{"start":{"line":31,"column":16},"end":{"line":31,"column":62}},"11":{"start":{"line":31,"column":39},"end":{"line":31,"column":62}},"12":{"start":{"line":32,"column":16},"end":{"line":32,"column":42}},"13":{"start":{"line":34,"column":12},"end":{"line":34,"column":60}},"14":{"start":{"line":35,"column":12},"end":{"line":35,"column":33}},"15":{"start":{"line":37,"column":12},"end":{"line":37,"column":40}},"16":{"start":{"line":38,"column":12},"end":{"line":38,"column":33}},"17":{"start":{"line":49,"column":26},"end":{"line":49,"column":55}},"18":{"start":{"line":50,"column":21},"end":{"line":50,"column":71}},"19":{"start":{"line":50,"column":50},"end":{"line":50,"column":70}},"20":{"start":{"line":51,"column":25},"end":{"line":51,"column":50}},"21":{"start":{"line":52,"column":8},"end":{"line":52,"column":72}},"22":{"start":{"line":53,"column":8},"end":{"line":53,"column":24}},"23":{"start":{"line":57,"column":0},"end":{"line":57,"column":36}}},"fnMap":{"0":{"name":"(anonymous_0)","decl":{"start":{"line":12,"column":4},"end":{"line":12,"column":5}},"loc":{"start":{"line":12,"column":23},"end":{"line":15,"column":5}},"line":12},"1":{"name":"(anonymous_1)","decl":{"start":{"line":22,"column":4},"end":{"line":22,"column":5}},"loc":{"start":{"line":22,"column":22},"end":{"line":40,"column":5}},"line":22},"2":{"name":"(anonymous_2)","decl":{"start":{"line":48,"column":4},"end":{"line":48,"column":5}},"loc":{"start":{"line":48,"column":30},"end":{"line":54,"column":5}},"line":48},"3":{"name":"(anonymous_3)","decl":{"start":{"line":50,"column":36},"end":{"line":50,"column":37}},"loc":{"start":{"line":50,"column":50},"end":{"line":50,"column":70}},"line":50}},"branchMap":{"0":{"loc":{"start":{"line":24,"column":12},"end":{"line":26,"column":13}},"type":"if","locations":[{"start":{"line":24,"column":12},"end":{"line":26,"column":13}},{"start":{"line":24,"column":12},"end":{"line":26,"column":13}}],"line":24},"1":{"loc":{"start":{"line":24,"column":16},"end":{"line":24,"column":57}},"type":"binary-expr","locations":[{"start":{"line":24,"column":16},"end":{"line":24,"column":36}},{"start":{"line":24,"column":40},"end":{"line":24,"column":57}}],"line":24},"2":{"loc":{"start":{"line":31,"column":16},"end":{"line":31,"column":62}},"type":"if","locations":[{"start":{"line":31,"column":16},"end":{"line":31,"column":62}},{"start":{"line":31,"column":16},"end":{"line":31,"column":62}}],"line":31},"3":{"loc":{"start":{"line":51,"column":25},"end":{"line":51,"column":50}},"type":"cond-expr","locations":[{"start":{"line":51,"column":32},"end":{"line":51,"column":43}},{"start":{"line":51,"column":46},"end":{"line":51,"column":50}}],"line":51}},"s":{"0":2,"1":16,"2":16,"3":9,"4":9,"5":1,"6":8,"7":8,"8":8,"9":15,"10":15,"11":3,"12":12,"13":5,"14":5,"15":1,"16":1,"17":15,"18":15,"19":21,"20":15,"21":15,"22":15,"23":2},"f":{"0":16,"1":9,"2":15,"3":21},"b":{"0":[1,8],"1":[9,9],"2":[3,12],"3":[12,3]},"_coverageSchema":"332fd63041d2c1bcb487cc26dd0d5f7d97098a6c","hash":"7e097ca38841d57cbe5c21280f3a258b47e7b4d2"}
,"C:\\Users\\Admin\\test_2025_01_mohamed_ghowainam\\backend\\services\\railroadService.js": {"path":"C:\\Users\\Admin\\test_2025_01_mohamed_ghowainam\\backend\\services\\railroadService.js","statementMap":{"0":{"start":{"line":1,"column":22},"end":{"line":1,"column":56}},"1":{"start":{"line":2,"column":15},"end":{"line":2,"column":41}},"2":{"start":{"line":3,"column":27},"end":{"line":3,"column":58}},"3":{"start":{"line":4,"column":24},"end":{"line":4,"column":52}},"4":{"start":{"line":5,"column":29},"end":{"line":5,"column":62}},"5":{"start":{"line":17,"column":8},"end":{"line":17,"column":64}},"6":{"start":{"line":18,"column":8},"end":{"line":18,"column":58}},"7":{"start":{"line":19,"column":8},"end":{"line":19,"column":68}},"8":{"start":{"line":20,"column":8},"end":{"line":20,"column":51}},"9":{"start":{"line":29,"column":8},"end":{"line":35,"column":9}},"10":{"start":{"line":30,"column":12},"end":{"line":30,"column":75}},"11":{"start":{"line":31,"column":12},"end":{"line":31,"column":61}},"12":{"start":{"line":33,"column":12},"end":{"line":33,"column":40}},"13":{"start":{"line":34,"column":12},"end":{"line":34,"column":33}},"14":{"start":{"line":46,"column":8},"end":{"line":54,"column":9}},"15":{"start":{"line":47,"column":12},"end":{"line":49,"column":14}},"16":{"start":{"line":50,"column":12},"end":{"line":50,"column":84}},"17":{"start":{"line":52,"column":12},"end":{"line":52,"column":40}},"18":{"start":{"line":53,"column":12},"end":{"line":53,"column":33}},"19":{"start":{"line":65,"column":8},"end":{"line":77,"column":9}},"20":{"start":{"line":66,"column":12},"end":{"line":68,"column":14}},"21":{"start":{"line":69,"column":12},"end":{"line":73,"column":14}},"22":{"start":{"line":75,"column":12},"end":{"line":75,"column":40}},"23":{"start":{"line":76,"column":12},"end":{"line":76,"column":33}},"24":{"start":{"line":87,"column":8},"end":{"line":93,"column":9}},"25":{"start":{"line":88,"column":12},"end":{"line":88,"column":74}},"26":{"start":{"line":89,"column":12},"end":{"line":89,"column":74}},"27":{"start":{"line":91,"column":12},"end":{"line":91,"column":40}},"28":{"start":{"line":92,"column":12},"end":{"line":92,"column":33}},"29":{"start":{"line":104,"column":8},"end":{"line":116,"column":9}},"30":{"start":{"line":105,"column":12},"end":{"line":107,"column":14}},"31":{"start":{"line":108,"column":12},"end":{"line":112,"column":14}},"32":{"start":{"line":114,"column":12},"end":{"line":114,"column":40}},"33":{"start":{"line":115,"column":12},"end":{"line":115,"column":33}},"34":{"start":{"line":120,"column":0},"end":{"line":120,"column":33}}},"fnMap":{"0":{"name":"(anonymous_0)","decl":{"start":{"line":16,"column":4},"end":{"line":16,"column":5}},"loc":{"start":{"line":16,"column":23},"end":{"line":21,"column":5}},"line":16},"1":{"name":"(anonymous_1)","decl":{"start":{"line":28,"column":4},"end":{"line":28,"column":5}},"loc":{"start":{"line":28,"column":22},"end":{"line":36,"column":5}},"line":28},"2":{"name":"(anonymous_2)","decl":{"start":{"line":45,"column":4},"end":{"line":45,"column":5}},"loc":{"start":{"line":45,"column":48},"end":{"line":55,"column":5}},"line":45},"3":{"name":"(anonymous_3)","decl":{"start":{"line":64,"column":4},"end":{"line":64,"column":5}},"loc":{"start":{"line":64,"column":52},"end":{"line":78,"column":5}},"line":64},"4":{"name":"(anonymous_4)","decl":{"start":{"line":86,"column":4},"end":{"line":86,"column":5}},"loc":{"start":{"line":86,"column":33},"end":{"line":94,"column":5}},"line":86},"5":{"name":"(anonymous_5)","decl":{"start":{"line":103,"column":4},"end":{"line":103,"column":5}},"loc":{"start":{"line":103,"column":57},"end":{"line":117,"column":5}},"line":103}},"branchMap":{},"s":{"0":1,"1":1,"2":1,"3":1,"4":1,"5":12,"6":12,"7":12,"8":12,"9":6,"10":6,"11":6,"12":0,"13":0,"14":1,"15":1,"16":1,"17":0,"18":0,"19":1,"20":1,"21":1,"22":0,"23":0,"24":3,"25":3,"26":3,"27":0,"28":0,"29":1,"30":1,"31":1,"32":0,"33":0,"34":1},"f":{"0":12,"1":6,"2":1,"3":1,"4":3,"5":1},"b":{},"_coverageSchema":"332fd63041d2c1bcb487cc26dd0d5f7d97098a6c","hash":"8d5581cca904fad0cff3eed45fa2d05bc29a3de1"}
,"C:\\Users\\Admin\\test_2025_01_mohamed_ghowainam\\backend\\services\\routeCalculator.js": {"path":"C:\\Users\\Admin\\test_2025_01_mohamed_ghowainam\\backend\\services\\routeCalculator.js","statementMap":{"0":{"start":{"line":1,"column":15},"end":{"line":1,"column":41}},"1":{"start":{"line":13,"column":8},"end":{"line":13,"column":27}},"2":{"start":{"line":14,"column":8},"end":{"line":14,"column":51}},"3":{"start":{"line":25,"column":8},"end":{"line":37,"column":9}},"4":{"start":{"line":26,"column":12},"end":{"line":28,"column":13}},"5":{"start":{"line":27,"column":16},"end":{"line":27,"column":60}},"6":{"start":{"line":29,"column":12},"end":{"line":29,"column":101}},"7":{"start":{"line":30,"column":27},"end":{"line":30,"column":29}},"8":{"start":{"line":31,"column":12},"end":{"line":31,"column":90}},"9":{"start":{"line":32,"column":12},"end":{"line":32,"column":57}},"10":{"start":{"line":33,"column":12},"end":{"line":33,"column":26}},"11":{"start":{"line":35,"column":12},"end":{"line":35,"column":40}},"12":{"start":{"line":36,"column":12},"end":{"line":36,"column":33}},"13":{"start":{"line":51,"column":8},"end":{"line":51,"column":37}},"14":{"start":{"line":51,"column":30},"end":{"line":51,"column":37}},"15":{"start":{"line":52,"column":8},"end":{"line":56,"column":9}},"16":{"start":{"line":53,"column":12},"end":{"line":53,"column":42}},"17":{"start":{"line":54,"column":12},"end":{"line":54,"column":54}},"18":{"start":{"line":55,"column":12},"end":{"line":55,"column":19}},"19":{"start":{"line":57,"column":8},"end":{"line":59,"column":9}},"20":{"start":{"line":58,"column":12},"end":{"line":58,"column":42}},"21":{"start":{"line":60,"column":8},"end":{"line":60,"column":33}},"22":{"start":{"line":61,"column":8},"end":{"line":67,"column":11}},"23":{"start":{"line":62,"column":12},"end":{"line":66,"column":13}},"24":{"start":{"line":63,"column":16},"end":{"line":63,"column":48}},"25":{"start":{"line":64,"column":16},"end":{"line":64,"column":117}},"26":{"start":{"line":65,"column":16},"end":{"line":65,"column":34}},"27":{"start":{"line":68,"column":8},"end":{"line":68,"column":36}},"28":{"start":{"line":79,"column":8},"end":{"line":91,"column":9}},"29":{"start":{"line":80,"column":12},"end":{"line":82,"column":13}},"30":{"start":{"line":81,"column":16},"end":{"line":81,"column":60}},"31":{"start":{"line":83,"column":12},"end":{"line":83,"column":103}},"32":{"start":{"line":84,"column":27},"end":{"line":84,"column":29}},"33":{"start":{"line":85,"column":12},"end":{"line":85,"column":94}},"34":{"start":{"line":86,"column":12},"end":{"line":86,"column":50}},"35":{"start":{"line":87,"column":12},"end":{"line":87,"column":26}},"36":{"start":{"line":89,"column":12},"end":{"line":89,"column":40}},"37":{"start":{"line":90,"column":12},"end":{"line":90,"column":33}},"38":{"start":{"line":105,"column":8},"end":{"line":105,"column":39}},"39":{"start":{"line":105,"column":32},"end":{"line":105,"column":39}},"40":{"start":{"line":106,"column":8},"end":{"line":110,"column":69}},"41":{"start":{"line":107,"column":12},"end":{"line":107,"column":42}},"42":{"start":{"line":108,"column":12},"end":{"line":108,"column":54}},"43":{"start":{"line":109,"column":12},"end":{"line":109,"column":19}},"44":{"start":{"line":110,"column":15},"end":{"line":110,"column":69}},"45":{"start":{"line":110,"column":62},"end":{"line":110,"column":69}},"46":{"start":{"line":111,"column":8},"end":{"line":113,"column":9}},"47":{"start":{"line":112,"column":12},"end":{"line":112,"column":42}},"48":{"start":{"line":114,"column":8},"end":{"line":114,"column":33}},"49":{"start":{"line":115,"column":8},"end":{"line":121,"column":11}},"50":{"start":{"line":116,"column":12},"end":{"line":120,"column":13}},"51":{"start":{"line":117,"column":16},"end":{"line":117,"column":48}},"52":{"start":{"line":118,"column":16},"end":{"line":118,"column":121}},"53":{"start":{"line":119,"column":16},"end":{"line":119,"column":34}},"54":{"start":{"line":122,"column":8},"end":{"line":122,"column":36}},"55":{"start":{"line":134,"column":8},"end":{"line":146,"column":9}},"56":{"start":{"line":135,"column":12},"end":{"line":137,"column":13}},"57":{"start":{"line":136,"column":16},"end":{"line":136,"column":60}},"58":{"start":{"line":138,"column":12},"end":{"line":138,"column":111}},"59":{"start":{"line":139,"column":27},"end":{"line":139,"column":29}},"60":{"start":{"line":140,"column":12},"end":{"line":140,"column":96}},"61":{"start":{"line":141,"column":12},"end":{"line":141,"column":57}},"62":{"start":{"line":142,"column":12},"end":{"line":142,"column":26}},"63":{"start":{"line":144,"column":12},"end":{"line":144,"column":40}},"64":{"start":{"line":145,"column":12},"end":{"line":145,"column":33}},"65":{"start":{"line":160,"column":8},"end":{"line":160,"column":51}},"66":{"start":{"line":160,"column":44},"end":{"line":160,"column":51}},"67":{"start":{"line":161,"column":8},"end":{"line":165,"column":9}},"68":{"start":{"line":162,"column":12},"end":{"line":162,"column":42}},"69":{"start":{"line":163,"column":12},"end":{"line":163,"column":54}},"70":{"start":{"line":164,"column":12},"end":{"line":164,"column":19}},"71":{"start":{"line":166,"column":8},"end":{"line":168,"column":9}},"72":{"start":{"line":167,"column":12},"end":{"line":167,"column":42}},"73":{"start":{"line":169,"column":8},"end":{"line":169,"column":33}},"74":{"start":{"line":170,"column":8},"end":{"line":176,"column":11}},"75":{"start":{"line":171,"column":12},"end":{"line":175,"column":13}},"76":{"start":{"line":172,"column":16},"end":{"line":172,"column":48}},"77":{"start":{"line":173,"column":16},"end":{"line":173,"column":146}},"78":{"start":{"line":174,"column":16},"end":{"line":174,"column":34}},"79":{"start":{"line":177,"column":8},"end":{"line":177,"column":36}},"80":{"start":{"line":182,"column":0},"end":{"line":182,"column":33}}},"fnMap":{"0":{"name":"(anonymous_0)","decl":{"start":{"line":12,"column":4},"end":{"line":12,"column":5}},"loc":{"start":{"line":12,"column":23},"end":{"line":15,"column":5}},"line":12},"1":{"name":"(anonymous_1)","decl":{"start":{"line":24,"column":4},"end":{"line":24,"column":5}},"loc":{"start":{"line":24,"column":48},"end":{"line":38,"column":5}},"line":24},"2":{"name":"(anonymous_2)","decl":{"start":{"line":50,"column":4},"end":{"line":50,"column":5}},"loc":{"start":{"line":50,"column":94},"end":{"line":69,"column":5}},"line":50},"3":{"name":"(anonymous_3)","decl":{"start":{"line":61,"column":53},"end":{"line":61,"column":54}},"loc":{"start":{"line":61,"column":65},"end":{"line":67,"column":9}},"line":61},"4":{"name":"(anonymous_4)","decl":{"start":{"line":78,"column":4},"end":{"line":78,"column":5}},"loc":{"start":{"line":78,"column":52},"end":{"line":92,"column":5}},"line":78},"5":{"name":"(anonymous_5)","decl":{"start":{"line":104,"column":4},"end":{"line":104,"column":5}},"loc":{"start":{"line":104,"column":97},"end":{"line":124,"column":5}},"line":104},"6":{"name":"(anonymous_6)","decl":{"start":{"line":115,"column":53},"end":{"line":115,"column":54}},"loc":{"start":{"line":115,"column":65},"end":{"line":121,"column":9}},"line":115},"7":{"name":"(anonymous_7)","decl":{"start":{"line":133,"column":4},"end":{"line":133,"column":5}},"loc":{"start":{"line":133,"column":57},"end":{"line":147,"column":5}},"line":133},"8":{"name":"(anonymous_8)","decl":{"start":{"line":159,"column":4},"end":{"line":159,"column":5}},"loc":{"start":{"line":159,"column":109},"end":{"line":179,"column":5}},"line":159},"9":{"name":"(anonymous_9)","decl":{"start":{"line":170,"column":53},"end":{"line":170,"column":54}},"loc":{"start":{"line":170,"column":65},"end":{"line":176,"column":9}},"line":170}},"branchMap":{"0":{"loc":{"start":{"line":26,"column":12},"end":{"line":28,"column":13}},"type":"if","locations":[{"start":{"line":26,"column":12},"end":{"line":28,"column":13}},{"start":{"line":26,"column":12},"end":{"line":28,"column":13}}],"line":26},"1":{"loc":{"start":{"line":26,"column":16},"end":{"line":26,"column":78}},"type":"binary-expr","locations":[{"start":{"line":26,"column":16},"end":{"line":26,"column":22}},{"start":{"line":26,"column":26},"end":{"line":26,"column":30}},{"start":{"line":26,"column":34},"end":{"line":26,"column":62}},{"start":{"line":26,"column":66},"end":{"line":26,"column":78}}],"line":26},"2":{"loc":{"start":{"line":51,"column":8},"end":{"line":51,"column":37}},"type":"if","locations":[{"start":{"line":51,"column":8},"end":{"line":51,"column":37}},{"start":{"line":51,"column":8},"end":{"line":51,"column":37}}],"line":51},"3":{"loc":{"start":{"line":52,"column":8},"end":{"line":56,"column":9}},"type":"if","locations":[{"start":{"line":52,"column":8},"end":{"line":56,"column":9}},{"start":{"line":52,"column":8},"end":{"line":56,"column":9}}],"line":52},"4":{"loc":{"start":{"line":52,"column":12},"end":{"line":52,"column":46}},"type":"binary-expr","locations":[{"start":{"line":52,"column":12},"end":{"line":52,"column":31}},{"start":{"line":52,"column":35},"end":{"line":52,"column":46}}],"line":52},"5":{"loc":{"start":{"line":57,"column":8},"end":{"line":59,"column":9}},"type":"if","locations":[{"start":{"line":57,"column":8},"end":{"line":59,"column":9}},{"start":{"line":57,"column":8},"end":{"line":59,"column":9}}],"line":57},"6":{"loc":{"start":{"line":62,"column":12},"end":{"line":66,"column":13}},"type":"if","locations":[{"start":{"line":62,"column":12},"end":{"line":66,"column":13}},{"start":{"line":62,"column":12},"end":{"line":66,"column":13}}],"line":62},"7":{"loc":{"start":{"line":80,"column":12},"end":{"line":82,"column":13}},"type":"if","locations":[{"start":{"line":80,"column":12},"end":{"line":82,"column":13}},{"start":{"line":80,"column":12},"end":{"line":82,"column":13}}],"line":80},"8":{"loc":{"start":{"line":80,"column":16},"end":{"line":80,"column":82}},"type":"binary-expr","locations":[{"start":{"line":80,"column":16},"end":{"line":80,"column":22}},{"start":{"line":80,"column":26},"end":{"line":80,"column":30}},{"start":{"line":80,"column":34},"end":{"line":80,"column":64}},{"start":{"line":80,"column":68},"end":{"line":80,"column":82}}],"line":80},"9":{"loc":{"start":{"line":105,"column":8},"end":{"line":105,"column":39}},"type":"if","locations":[{"start":{"line":105,"column":8},"end":{"line":105,"column":39}},{"start":{"line":105,"column":8},"end":{"line":105,"column":39}}],"line":105},"10":{"loc":{"start":{"line":106,"column":8},"end":{"line":110,"column":69}},"type":"if","locations":[{"start":{"line":106,"column":8},"end":{"line":110,"column":69}},{"start":{"line":106,"column":8},"end":{"line":110,"column":69}}],"line":106},"11":{"loc":{"start":{"line":106,"column":12},"end":{"line":106,"column":55}},"type":"binary-expr","locations":[{"start":{"line":106,"column":12},"end":{"line":106,"column":31}},{"start":{"line":106,"column":35},"end":{"line":106,"column":55}}],"line":106},"12":{"loc":{"start":{"line":110,"column":15},"end":{"line":110,"column":69}},"type":"if","locations":[{"start":{"line":110,"column":15},"end":{"line":110,"column":69}},{"start":{"line":110,"column":15},"end":{"line":110,"column":69}}],"line":110},"13":{"loc":{"start":{"line":110,"column":19},"end":{"line":110,"column":60}},"type":"binary-expr","locations":[{"start":{"line":110,"column":19},"end":{"line":110,"column":37}},{"start":{"line":110,"column":41},"end":{"line":110,"column":60}}],"line":110},"14":{"loc":{"start":{"line":111,"column":8},"end":{"line":113,"column":9}},"type":"if","locations":[{"start":{"line":111,"column":8},"end":{"line":113,"column":9}},{"start":{"line":111,"column":8},"end":{"line":113,"column":9}}],"line":111},"15":{"loc":{"start":{"line":116,"column":12},"end":{"line":120,"column":13}},"type":"if","locations":[{"start":{"line":116,"column":12},"end":{"line":120,"column":13}},{"start":{"line":116,"column":12},"end":{"line":120,"column":13}}],"line":116},"16":{"loc":{"start":{"line":135,"column":12},"end":{"line":137,"column":13}},"type":"if","locations":[{"start":{"line":135,"column":12},"end":{"line":137,"column":13}},{"start":{"line":135,"column":12},"end":{"line":137,"column":13}}],"line":135},"17":{"loc":{"start":{"line":135,"column":16},"end":{"line":135,"column":85}},"type":"binary-expr","locations":[{"start":{"line":135,"column":16},"end":{"line":135,"column":22}},{"start":{"line":135,"column":26},"end":{"line":135,"column":30}},{"start":{"line":135,"column":34},"end":{"line":135,"column":65}},{"start":{"line":135,"column":69},"end":{"line":135,"column":85}}],"line":135},"18":{"loc":{"start":{"line":160,"column":8},"end":{"line":160,"column":51}},"type":"if","locations":[{"start":{"line":160,"column":8},"end":{"line":160,"column":51}},{"start":{"line":160,"column":8},"end":{"line":160,"column":51}}],"line":160},"19":{"loc":{"start":{"line":161,"column":8},"end":{"line":165,"column":9}},"type":"if","locations":[{"start":{"line":161,"column":8},"end":{"line":165,"column":9}},{"start":{"line":161,"column":8},"end":{"line":165,"column":9}}],"line":161},"20":{"loc":{"start":{"line":161,"column":12},"end":{"line":161,"column":56}},"type":"binary-expr","locations":[{"start":{"line":161,"column":12},"end":{"line":161,"column":31}},{"start":{"line":161,"column":35},"end":{"line":161,"column":56}}],"line":161},"21":{"loc":{"start":{"line":166,"column":8},"end":{"line":168,"column":9}},"type":"if","locations":[{"start":{"line":166,"column":8},"end":{"line":168,"column":9}},{"start":{"line":166,"column":8},"end":{"line":168,"column":9}}],"line":166},"22":{"loc":{"start":{"line":171,"column":12},"end":{"line":175,"column":13}},"type":"if","locations":[{"start":{"line":171,"column":12},"end":{"line":175,"column":13}},{"start":{"line":171,"column":12},"end":{"line":175,"column":13}}],"line":171}},"s":{"0":2,"1":17,"2":17,"3":3,"4":3,"5":1,"6":2,"7":2,"8":2,"9":2,"10":2,"11":1,"12":1,"13":8,"14":0,"15":8,"16":1,"17":1,"18":1,"19":7,"20":2,"21":7,"22":7,"23":9,"24":6,"25":6,"26":6,"27":7,"28":2,"29":2,"30":0,"31":2,"32":2,"33":2,"34":2,"35":2,"36":0,"37":0,"38":13,"39":0,"40":13,"41":2,"42":2,"43":2,"44":11,"45":3,"46":8,"47":2,"48":8,"49":8,"50":11,"51":11,"52":11,"53":11,"54":8,"55":2,"56":2,"57":0,"58":2,"59":2,"60":2,"61":2,"62":2,"63":0,"64":0,"65":8,"66":0,"67":8,"68":1,"69":1,"70":1,"71":7,"72":2,"73":7,"74":7,"75":9,"76":6,"77":6,"78":6,"79":7,"80":2},"f":{"0":17,"1":3,"2":8,"3":9,"4":2,"5":13,"6":11,"7":2,"8":8,"9":9},"b":{"0":[1,2],"1":[3,2,2,2],"2":[0,8],"3":[1,7],"4":[8,2],"5":[2,5],"6":[6,3],"7":[0,2],"8":[2,2,2,2],"9":[0,13],"10":[2,11],"11":[13,5],"12":[3,8],"13":[11,11],"14":[2,6],"15":[11,0],"16":[0,2],"17":[2,2,2,2],"18":[0,8],"19":[1,7],"20":[8,2],"21":[2,5],"22":[6,3]},"_coverageSchema":"332fd63041d2c1bcb487cc26dd0d5f7d97098a6c","hash":"3bc36dc98dec40dc7f5ea7e1b4f54d8b3f66a38d"}
,"C:\\Users\\Admin\\test_2025_01_mohamed_ghowainam\\backend\\services\\shortRouteCalculator.js": {"path":"C:\\Users\\Admin\\test_2025_01_mohamed_ghowainam\\backend\\services\\shortRouteCalculator.js","statementMap":{"0":{"start":{"line":1,"column":15},"end":{"line":1,"column":41}},"1":{"start":{"line":13,"column":4},"end":{"line":13,"column":23}},"2":{"start":{"line":14,"column":4},"end":{"line":14,"column":52}},"3":{"start":{"line":24,"column":4},"end":{"line":59,"column":5}},"4":{"start":{"line":25,"column":6},"end":{"line":27,"column":7}},"5":{"start":{"line":26,"column":8},"end":{"line":26,"column":54}},"6":{"start":{"line":28,"column":6},"end":{"line":28,"column":72}},"7":{"start":{"line":30,"column":8},"end":{"line":30,"column":49}},"8":{"start":{"line":32,"column":6},"end":{"line":53,"column":7}},"9":{"start":{"line":34,"column":10},"end":{"line":34,"column":29}},"10":{"start":{"line":36,"column":8},"end":{"line":36,"column":74}},"11":{"start":{"line":36,"column":65},"end":{"line":36,"column":74}},"12":{"start":{"line":37,"column":8},"end":{"line":37,"column":38}},"13":{"start":{"line":39,"column":8},"end":{"line":39,"column":69}},"14":{"start":{"line":41,"column":8},"end":{"line":44,"column":9}},"15":{"start":{"line":42,"column":10},"end":{"line":42,"column":69}},"16":{"start":{"line":43,"column":10},"end":{"line":43,"column":33}},"17":{"start":{"line":46,"column":8},"end":{"line":52,"column":10}},"18":{"start":{"line":55,"column":6},"end":{"line":55,"column":39}},"19":{"start":{"line":57,"column":6},"end":{"line":57,"column":34}},"20":{"start":{"line":58,"column":6},"end":{"line":58,"column":27}},"21":{"start":{"line":68,"column":22},"end":{"line":68,"column":31}},"22":{"start":{"line":69,"column":25},"end":{"line":69,"column":34}},"23":{"start":{"line":70,"column":26},"end":{"line":70,"column":56}},"24":{"start":{"line":71,"column":4},"end":{"line":71,"column":54}},"25":{"start":{"line":82,"column":4},"end":{"line":82,"column":64}},"26":{"start":{"line":92,"column":4},"end":{"line":97,"column":5}},"27":{"start":{"line":96,"column":6},"end":{"line":96,"column":50}},"28":{"start":{"line":109,"column":4},"end":{"line":112,"column":6}},"29":{"start":{"line":130,"column":4},"end":{"line":137,"column":7}},"30":{"start":{"line":131,"column":6},"end":{"line":136,"column":7}},"31":{"start":{"line":132,"column":8},"end":{"line":135,"column":11}},"32":{"start":{"line":138,"column":4},"end":{"line":138,"column":58}},"33":{"start":{"line":138,"column":33},"end":{"line":138,"column":56}},"34":{"start":{"line":142,"column":0},"end":{"line":142,"column":38}}},"fnMap":{"0":{"name":"(anonymous_0)","decl":{"start":{"line":12,"column":2},"end":{"line":12,"column":3}},"loc":{"start":{"line":12,"column":21},"end":{"line":15,"column":3}},"line":12},"1":{"name":"(anonymous_1)","decl":{"start":{"line":23,"column":2},"end":{"line":23,"column":3}},"loc":{"start":{"line":23,"column":31},"end":{"line":60,"column":3}},"line":23},"2":{"name":"(anonymous_2)","decl":{"start":{"line":67,"column":2},"end":{"line":67,"column":3}},"loc":{"start":{"line":67,"column":39},"end":{"line":72,"column":3}},"line":67},"3":{"name":"(anonymous_3)","decl":{"start":{"line":81,"column":2},"end":{"line":81,"column":3}},"loc":{"start":{"line":81,"column":49},"end":{"line":83,"column":3}},"line":81},"4":{"name":"(anonymous_4)","decl":{"start":{"line":91,"column":2},"end":{"line":91,"column":3}},"loc":{"start":{"line":91,"column":58},"end":{"line":98,"column":3}},"line":91},"5":{"name":"(anonymous_5)","decl":{"start":{"line":108,"column":2},"end":{"line":108,"column":3}},"loc":{"start":{"line":108,"column":61},"end":{"line":113,"column":3}},"line":108},"6":{"name":"(anonymous_6)","decl":{"start":{"line":123,"column":2},"end":{"line":123,"column":3}},"loc":{"start":{"line":129,"column":4},"end":{"line":139,"column":3}},"line":129},"7":{"name":"(anonymous_7)","decl":{"start":{"line":130,"column":49},"end":{"line":130,"column":50}},"loc":{"start":{"line":130,"column":63},"end":{"line":137,"column":5}},"line":130},"8":{"name":"(anonymous_8)","decl":{"start":{"line":138,"column":23},"end":{"line":138,"column":24}},"loc":{"start":{"line":138,"column":33},"end":{"line":138,"column":56}},"line":138}},"branchMap":{"0":{"loc":{"start":{"line":25,"column":6},"end":{"line":27,"column":7}},"type":"if","locations":[{"start":{"line":25,"column":6},"end":{"line":27,"column":7}},{"start":{"line":25,"column":6},"end":{"line":27,"column":7}}],"line":25},"1":{"loc":{"start":{"line":25,"column":10},"end":{"line":25,"column":24}},"type":"binary-expr","locations":[{"start":{"line":25,"column":10},"end":{"line":25,"column":16}},{"start":{"line":25,"column":20},"end":{"line":25,"column":24}}],"line":25},"2":{"loc":{"start":{"line":36,"column":8},"end":{"line":36,"column":74}},"type":"if","locations":[{"start":{"line":36,"column":8},"end":{"line":36,"column":74}},{"start":{"line":36,"column":8},"end":{"line":36,"column":74}}],"line":36},"3":{"loc":{"start":{"line":41,"column":8},"end":{"line":44,"column":9}},"type":"if","locations":[{"start":{"line":41,"column":8},"end":{"line":44,"column":9}},{"start":{"line":41,"column":8},"end":{"line":44,"column":9}}],"line":41},"4":{"loc":{"start":{"line":82,"column":11},"end":{"line":82,"column":63}},"type":"binary-expr","locations":[{"start":{"line":82,"column":11},"end":{"line":82,"column":40}},{"start":{"line":82,"column":44},"end":{"line":82,"column":63}}],"line":82},"5":{"loc":{"start":{"line":92,"column":4},"end":{"line":97,"column":5}},"type":"if","locations":[{"start":{"line":92,"column":4},"end":{"line":97,"column":5}},{"start":{"line":92,"column":4},"end":{"line":97,"column":5}}],"line":92},"6":{"loc":{"start":{"line":93,"column":6},"end":{"line":94,"column":50}},"type":"binary-expr","locations":[{"start":{"line":93,"column":6},"end":{"line":93,"column":33}},{"start":{"line":94,"column":6},"end":{"line":94,"column":50}}],"line":93},"7":{"loc":{"start":{"line":110,"column":6},"end":{"line":111,"column":54}},"type":"binary-expr","locations":[{"start":{"line":110,"column":7},"end":{"line":110,"column":26}},{"start":{"line":110,"column":30},"end":{"line":110,"column":51}},{"start":{"line":111,"column":7},"end":{"line":111,"column":28}},{"start":{"line":111,"column":32},"end":{"line":111,"column":53}}],"line":110},"8":{"loc":{"start":{"line":131,"column":6},"end":{"line":136,"column":7}},"type":"if","locations":[{"start":{"line":131,"column":6},"end":{"line":136,"column":7}},{"start":{"line":131,"column":6},"end":{"line":136,"column":7}}],"line":131},"9":{"loc":{"start":{"line":131,"column":10},"end":{"line":131,"column":67}},"type":"binary-expr","locations":[{"start":{"line":131,"column":10},"end":{"line":131,"column":42}},{"start":{"line":131,"column":46},"end":{"line":131,"column":67}}],"line":131}},"s":{"0":2,"1":16,"2":16,"3":6,"4":6,"5":1,"6":5,"7":5,"8":5,"9":16,"10":16,"11":0,"12":16,"13":16,"14":16,"15":3,"16":3,"17":13,"18":2,"19":3,"20":3,"21":5,"22":5,"23":5,"24":5,"25":16,"26":16,"27":15,"28":16,"29":13,"30":18,"31":14,"32":13,"33":18,"34":2},"f":{"0":16,"1":6,"2":5,"3":16,"4":16,"5":16,"6":13,"7":18,"8":18},"b":{"0":[1,5],"1":[6,5],"2":[0,16],"3":[3,13],"4":[16,1],"5":[15,1],"6":[16,1],"7":[16,4,14,6],"8":[14,4],"9":[18,5]},"_coverageSchema":"332fd63041d2c1bcb487cc26dd0d5f7d97098a6c","hash":"c3ad4f032bba6d86cfe1548e0384ef36a83db2b2"}
,"C:\\Users\\Admin\\test_2025_01_mohamed_ghowainam\\backend\\utils\\logger.js": {"path":"C:\\Users\\Admin\\test_2025_01_mohamed_ghowainam\\backend\\utils\\logger.js","statementMap":{"0":{"start":{"line":1,"column":45},"end":{"line":1,"column":63}},"1":{"start":{"line":2,"column":24},"end":{"line":2,"column":60}},"2":{"start":{"line":11,"column":15},"end":{"line":26,"column":2}},"3":{"start":{"line":15,"column":57},"end":{"line":15,"column":94}},"4":{"start":{"line":28,"column":0},"end":{"line":28,"column":24}}},"fnMap":{"0":{"name":"(anonymous_0)","decl":{"start":{"line":15,"column":22},"end":{"line":15,"column":23}},"loc":{"start":{"line":15,"column":57},"end":{"line":15,"column":94}},"line":15}},"branchMap":{},"s":{"0":4,"1":4,"2":4,"3":106,"4":4},"f":{"0":106},"b":{},"_coverageSchema":"332fd63041d2c1bcb487cc26dd0d5f7d97098a6c","hash":"f267016b228fb48816111b508832834a5372e719"}
}
