TN:
SF:C:\Users\Admin\test_2025_01_mohamed_ghowainam\backend\models\RailroadGraph.js
FN:13,(anonymous_0)
FN:19,(anonymous_1)
FN:32,(anonymous_2)
FN:49,(anonymous_3)
FNF:4
FNH:4
FNDA:1,(anonymous_0)
FNDA:9,(anonymous_1)
FNDA:9,(anonymous_2)
FNDA:43,(anonymous_3)
DA:1,2
DA:14,1
DA:15,0
DA:18,1
DA:19,1
DA:20,9
DA:22,1
DA:33,9
DA:34,0
DA:36,9
DA:37,5
DA:39,9
DA:40,9
DA:50,43
DA:54,2
LF:15
LH:13
BRDA:14,0,0,0
BRDA:14,0,1,1
BRDA:33,1,0,0
BRDA:33,1,1,9
BRDA:33,2,0,9
BRDA:33,2,1,9
BRDA:36,3,0,5
BRDA:36,3,1,4
BRDA:50,4,0,43
BRDA:50,4,1,0
BRF:10
BRH:7
end_of_record
TN:
SF:C:\Users\Admin\test_2025_01_mohamed_ghowainam\backend\services\distanceCalculator.js
FN:12,(anonymous_0)
FN:22,(anonymous_1)
FN:48,(anonymous_2)
FN:50,(anonymous_3)
FNF:4
FNH:4
FNDA:16,(anonymous_0)
FNDA:9,(anonymous_1)
FNDA:15,(anonymous_2)
FNDA:21,(anonymous_3)
DA:1,2
DA:13,16
DA:14,16
DA:23,9
DA:24,9
DA:25,1
DA:27,8
DA:28,8
DA:29,8
DA:30,15
DA:31,15
DA:32,12
DA:34,5
DA:35,5
DA:37,1
DA:38,1
DA:49,15
DA:50,21
DA:51,15
DA:52,15
DA:53,15
DA:57,2
LF:22
LH:22
BRDA:24,0,0,1
BRDA:24,0,1,8
BRDA:24,1,0,9
BRDA:24,1,1,9
BRDA:31,2,0,3
BRDA:31,2,1,12
BRDA:51,3,0,12
BRDA:51,3,1,3
BRF:8
BRH:8
end_of_record
TN:
SF:C:\Users\Admin\test_2025_01_mohamed_ghowainam\backend\services\railroadService.js
FN:16,(anonymous_0)
FN:28,(anonymous_1)
FN:45,(anonymous_2)
FN:64,(anonymous_3)
FN:86,(anonymous_4)
FN:103,(anonymous_5)
FNF:6
FNH:6
FNDA:12,(anonymous_0)
FNDA:6,(anonymous_1)
FNDA:1,(anonymous_2)
FNDA:1,(anonymous_3)
FNDA:3,(anonymous_4)
FNDA:1,(anonymous_5)
DA:1,1
DA:2,1
DA:3,1
DA:4,1
DA:5,1
DA:17,12
DA:18,12
DA:19,12
DA:20,12
DA:29,6
DA:30,6
DA:31,6
DA:33,0
DA:34,0
DA:46,1
DA:47,1
DA:50,1
DA:52,0
DA:53,0
DA:65,1
DA:66,1
DA:69,1
DA:75,0
DA:76,0
DA:87,3
DA:88,3
DA:89,3
DA:91,0
DA:92,0
DA:104,1
DA:105,1
DA:108,1
DA:114,0
DA:115,0
DA:120,1
LF:35
LH:25
BRF:0
BRH:0
end_of_record
TN:
SF:C:\Users\Admin\test_2025_01_mohamed_ghowainam\backend\services\routeCalculator.js
FN:12,(anonymous_0)
FN:24,(anonymous_1)
FN:50,(anonymous_2)
FN:61,(anonymous_3)
FN:78,(anonymous_4)
FN:104,(anonymous_5)
FN:115,(anonymous_6)
FN:133,(anonymous_7)
FN:159,(anonymous_8)
FN:170,(anonymous_9)
FNF:10
FNH:10
FNDA:17,(anonymous_0)
FNDA:3,(anonymous_1)
FNDA:8,(anonymous_2)
FNDA:9,(anonymous_3)
FNDA:2,(anonymous_4)
FNDA:13,(anonymous_5)
FNDA:11,(anonymous_6)
FNDA:2,(anonymous_7)
FNDA:8,(anonymous_8)
FNDA:9,(anonymous_9)
DA:1,2
DA:13,17
DA:14,17
DA:25,3
DA:26,3
DA:27,1
DA:29,2
DA:30,2
DA:31,2
DA:32,2
DA:33,2
DA:35,1
DA:36,1
DA:51,8
DA:52,8
DA:53,1
DA:54,1
DA:55,1
DA:57,7
DA:58,2
DA:60,7
DA:61,7
DA:62,9
DA:63,6
DA:64,6
DA:65,6
DA:68,7
DA:79,2
DA:80,2
DA:81,0
DA:83,2
DA:84,2
DA:85,2
DA:86,2
DA:87,2
DA:89,0
DA:90,0
DA:105,13
DA:106,13
DA:107,2
DA:108,2
DA:109,2
DA:110,11
DA:111,8
DA:112,2
DA:114,8
DA:115,8
DA:116,11
DA:117,11
DA:118,11
DA:119,11
DA:122,8
DA:134,2
DA:135,2
DA:136,0
DA:138,2
DA:139,2
DA:140,2
DA:141,2
DA:142,2
DA:144,0
DA:145,0
DA:160,8
DA:161,8
DA:162,1
DA:163,1
DA:164,1
DA:166,7
DA:167,2
DA:169,7
DA:170,7
DA:171,9
DA:172,6
DA:173,6
DA:174,6
DA:177,7
DA:182,2
LF:77
LH:71
BRDA:26,0,0,1
BRDA:26,0,1,2
BRDA:26,1,0,3
BRDA:26,1,1,2
BRDA:26,1,2,2
BRDA:26,1,3,2
BRDA:51,2,0,0
BRDA:51,2,1,8
BRDA:52,3,0,1
BRDA:52,3,1,7
BRDA:52,4,0,8
BRDA:52,4,1,2
BRDA:57,5,0,2
BRDA:57,5,1,5
BRDA:62,6,0,6
BRDA:62,6,1,3
BRDA:80,7,0,0
BRDA:80,7,1,2
BRDA:80,8,0,2
BRDA:80,8,1,2
BRDA:80,8,2,2
BRDA:80,8,3,2
BRDA:105,9,0,0
BRDA:105,9,1,13
BRDA:106,10,0,2
BRDA:106,10,1,11
BRDA:106,11,0,13
BRDA:106,11,1,5
BRDA:110,12,0,3
BRDA:110,12,1,8
BRDA:110,13,0,11
BRDA:110,13,1,11
BRDA:111,14,0,2
BRDA:111,14,1,6
BRDA:116,15,0,11
BRDA:116,15,1,0
BRDA:135,16,0,0
BRDA:135,16,1,2
BRDA:135,17,0,2
BRDA:135,17,1,2
BRDA:135,17,2,2
BRDA:135,17,3,2
BRDA:160,18,0,0
BRDA:160,18,1,8
BRDA:161,19,0,1
BRDA:161,19,1,7
BRDA:161,20,0,8
BRDA:161,20,1,2
BRDA:166,21,0,2
BRDA:166,21,1,5
BRDA:171,22,0,6
BRDA:171,22,1,3
BRF:52
BRH:46
end_of_record
TN:
SF:C:\Users\Admin\test_2025_01_mohamed_ghowainam\backend\services\shortRouteCalculator.js
FN:12,(anonymous_0)
FN:23,(anonymous_1)
FN:67,(anonymous_2)
FN:81,(anonymous_3)
FN:91,(anonymous_4)
FN:108,(anonymous_5)
FN:123,(anonymous_6)
FN:130,(anonymous_7)
FN:138,(anonymous_8)
FNF:9
FNH:9
FNDA:16,(anonymous_0)
FNDA:6,(anonymous_1)
FNDA:5,(anonymous_2)
FNDA:16,(anonymous_3)
FNDA:16,(anonymous_4)
FNDA:16,(anonymous_5)
FNDA:13,(anonymous_6)
FNDA:18,(anonymous_7)
FNDA:18,(anonymous_8)
DA:1,2
DA:13,16
DA:14,16
DA:24,6
DA:25,6
DA:26,1
DA:28,5
DA:30,5
DA:32,5
DA:34,16
DA:36,16
DA:37,16
DA:39,16
DA:41,16
DA:42,3
DA:43,3
DA:46,13
DA:55,2
DA:57,3
DA:58,3
DA:68,5
DA:69,5
DA:70,5
DA:71,5
DA:82,16
DA:92,16
DA:96,15
DA:109,16
DA:130,13
DA:131,18
DA:132,14
DA:138,18
DA:142,2
LF:33
LH:33
BRDA:25,0,0,1
BRDA:25,0,1,5
BRDA:25,1,0,6
BRDA:25,1,1,5
BRDA:36,2,0,0
BRDA:36,2,1,16
BRDA:41,3,0,3
BRDA:41,3,1,13
BRDA:82,4,0,16
BRDA:82,4,1,1
BRDA:92,5,0,15
BRDA:92,5,1,1
BRDA:93,6,0,16
BRDA:93,6,1,1
BRDA:110,7,0,16
BRDA:110,7,1,4
BRDA:110,7,2,14
BRDA:110,7,3,6
BRDA:131,8,0,14
BRDA:131,8,1,4
BRDA:131,9,0,18
BRDA:131,9,1,5
BRF:22
BRH:21
end_of_record
TN:
SF:C:\Users\Admin\test_2025_01_mohamed_ghowainam\backend\utils\logger.js
FN:15,(anonymous_0)
FNF:1
FNH:1
FNDA:106,(anonymous_0)
DA:1,4
DA:2,4
DA:11,4
DA:15,106
DA:28,4
LF:5
LH:5
BRF:0
BRH:0
end_of_record
