{"C:\\Users\\Admin\\test_2025_01_mohamed_ghowainam\\backend\\models\\RailroadGraph.js": {"path":"C:\\Users\\Admin\\test_2025_01_mohamed_ghowainam\\backend\\models\\RailroadGraph.js","statementMap":{"0":{"start":{"line":1,"column":15},"end":{"line":1,"column":41}},"1":{"start":{"line":6,"column":8},"end":{"line":8,"column":9}},"2":{"start":{"line":7,"column":12},"end":{"line":7,"column":58}},"3":{"start":{"line":10,"column":8},"end":{"line":10,"column":39}},"4":{"start":{"line":11,"column":8},"end":{"line":13,"column":11}},"5":{"start":{"line":12,"column":12},"end":{"line":12,"column":54}},"6":{"start":{"line":14,"column":8},"end":{"line":14,"column":49}},"7":{"start":{"line":18,"column":8},"end":{"line":20,"column":9}},"8":{"start":{"line":19,"column":12},"end":{"line":19,"column":92}},"9":{"start":{"line":21,"column":8},"end":{"line":23,"column":9}},"10":{"start":{"line":22,"column":12},"end":{"line":22,"column":47}},"11":{"start":{"line":24,"column":8},"end":{"line":24,"column":75}},"12":{"start":{"line":25,"column":8},"end":{"line":25,"column":89}},"13":{"start":{"line":30,"column":8},"end":{"line":30,"column":50}},"14":{"start":{"line":34,"column":0},"end":{"line":34,"column":31}}},"fnMap":{"0":{"name":"(anonymous_0)","decl":{"start":{"line":5,"column":4},"end":{"line":5,"column":5}},"loc":{"start":{"line":5,"column":23},"end":{"line":15,"column":5}},"line":5},"1":{"name":"(anonymous_1)","decl":{"start":{"line":11,"column":22},"end":{"line":11,"column":23}},"loc":{"start":{"line":11,"column":57},"end":{"line":13,"column":9}},"line":11},"2":{"name":"(anonymous_2)","decl":{"start":{"line":17,"column":4},"end":{"line":17,"column":5}},"loc":{"start":{"line":17,"column":41},"end":{"line":27,"column":5}},"line":17},"3":{"name":"(anonymous_3)","decl":{"start":{"line":29,"column":4},"end":{"line":29,"column":5}},"loc":{"start":{"line":29,"column":23},"end":{"line":31,"column":5}},"line":29}},"branchMap":{"0":{"loc":{"start":{"line":6,"column":8},"end":{"line":8,"column":9}},"type":"if","locations":[{"start":{"line":6,"column":8},"end":{"line":8,"column":9}},{"start":{"line":6,"column":8},"end":{"line":8,"column":9}}],"line":6},"1":{"loc":{"start":{"line":18,"column":8},"end":{"line":20,"column":9}},"type":"if","locations":[{"start":{"line":18,"column":8},"end":{"line":20,"column":9}},{"start":{"line":18,"column":8},"end":{"line":20,"column":9}}],"line":18},"2":{"loc":{"start":{"line":18,"column":12},"end":{"line":18,"column":53}},"type":"binary-expr","locations":[{"start":{"line":18,"column":12},"end":{"line":18,"column":38}},{"start":{"line":18,"column":42},"end":{"line":18,"column":53}}],"line":18},"3":{"loc":{"start":{"line":21,"column":8},"end":{"line":23,"column":9}},"type":"if","locations":[{"start":{"line":21,"column":8},"end":{"line":23,"column":9}},{"start":{"line":21,"column":8},"end":{"line":23,"column":9}}],"line":21},"4":{"loc":{"start":{"line":30,"column":15},"end":{"line":30,"column":49}},"type":"binary-expr","locations":[{"start":{"line":30,"column":15},"end":{"line":30,"column":43}},{"start":{"line":30,"column":47},"end":{"line":30,"column":49}}],"line":30}},"s":{"0":2,"1":1,"2":0,"3":1,"4":1,"5":9,"6":1,"7":9,"8":0,"9":9,"10":5,"11":9,"12":9,"13":43,"14":2},"f":{"0":1,"1":9,"2":9,"3":43},"b":{"0":[0,1],"1":[0,9],"2":[9,9],"3":[5,4],"4":[43,0]},"_coverageSchema":"332fd63041d2c1bcb487cc26dd0d5f7d97098a6c","hash":"19f8224316b7ccce521dc175f55cf81914646f4b"}
,"C:\\Users\\Admin\\test_2025_01_mohamed_ghowainam\\backend\\services\\distanceCalculator.js": {"path":"C:\\Users\\Admin\\test_2025_01_mohamed_ghowainam\\backend\\services\\distanceCalculator.js","statementMap":{"0":{"start":{"line":1,"column":15},"end":{"line":1,"column":41}},"1":{"start":{"line":5,"column":8},"end":{"line":5,"column":27}},"2":{"start":{"line":6,"column":8},"end":{"line":6,"column":54}},"3":{"start":{"line":10,"column":8},"end":{"line":26,"column":9}},"4":{"start":{"line":11,"column":12},"end":{"line":13,"column":13}},"5":{"start":{"line":12,"column":16},"end":{"line":12,"column":80}},"6":{"start":{"line":14,"column":12},"end":{"line":14,"column":79}},"7":{"start":{"line":15,"column":32},"end":{"line":15,"column":33}},"8":{"start":{"line":16,"column":12},"end":{"line":20,"column":13}},"9":{"start":{"line":17,"column":33},"end":{"line":17,"column":75}},"10":{"start":{"line":18,"column":16},"end":{"line":18,"column":62}},"11":{"start":{"line":18,"column":39},"end":{"line":18,"column":62}},"12":{"start":{"line":19,"column":16},"end":{"line":19,"column":42}},"13":{"start":{"line":21,"column":12},"end":{"line":21,"column":60}},"14":{"start":{"line":22,"column":12},"end":{"line":22,"column":33}},"15":{"start":{"line":24,"column":12},"end":{"line":24,"column":40}},"16":{"start":{"line":25,"column":12},"end":{"line":25,"column":33}},"17":{"start":{"line":30,"column":26},"end":{"line":30,"column":55}},"18":{"start":{"line":31,"column":21},"end":{"line":31,"column":71}},"19":{"start":{"line":31,"column":50},"end":{"line":31,"column":70}},"20":{"start":{"line":32,"column":25},"end":{"line":32,"column":50}},"21":{"start":{"line":33,"column":8},"end":{"line":33,"column":72}},"22":{"start":{"line":34,"column":8},"end":{"line":34,"column":24}},"23":{"start":{"line":38,"column":0},"end":{"line":38,"column":36}}},"fnMap":{"0":{"name":"(anonymous_0)","decl":{"start":{"line":4,"column":4},"end":{"line":4,"column":5}},"loc":{"start":{"line":4,"column":23},"end":{"line":7,"column":5}},"line":4},"1":{"name":"(anonymous_1)","decl":{"start":{"line":9,"column":4},"end":{"line":9,"column":5}},"loc":{"start":{"line":9,"column":22},"end":{"line":27,"column":5}},"line":9},"2":{"name":"(anonymous_2)","decl":{"start":{"line":29,"column":4},"end":{"line":29,"column":5}},"loc":{"start":{"line":29,"column":30},"end":{"line":35,"column":5}},"line":29},"3":{"name":"(anonymous_3)","decl":{"start":{"line":31,"column":36},"end":{"line":31,"column":37}},"loc":{"start":{"line":31,"column":50},"end":{"line":31,"column":70}},"line":31}},"branchMap":{"0":{"loc":{"start":{"line":11,"column":12},"end":{"line":13,"column":13}},"type":"if","locations":[{"start":{"line":11,"column":12},"end":{"line":13,"column":13}},{"start":{"line":11,"column":12},"end":{"line":13,"column":13}}],"line":11},"1":{"loc":{"start":{"line":11,"column":16},"end":{"line":11,"column":57}},"type":"binary-expr","locations":[{"start":{"line":11,"column":16},"end":{"line":11,"column":36}},{"start":{"line":11,"column":40},"end":{"line":11,"column":57}}],"line":11},"2":{"loc":{"start":{"line":18,"column":16},"end":{"line":18,"column":62}},"type":"if","locations":[{"start":{"line":18,"column":16},"end":{"line":18,"column":62}},{"start":{"line":18,"column":16},"end":{"line":18,"column":62}}],"line":18},"3":{"loc":{"start":{"line":32,"column":25},"end":{"line":32,"column":50}},"type":"cond-expr","locations":[{"start":{"line":32,"column":32},"end":{"line":32,"column":43}},{"start":{"line":32,"column":46},"end":{"line":32,"column":50}}],"line":32}},"s":{"0":2,"1":16,"2":16,"3":9,"4":9,"5":1,"6":8,"7":8,"8":8,"9":15,"10":15,"11":3,"12":12,"13":5,"14":5,"15":1,"16":1,"17":15,"18":15,"19":21,"20":15,"21":15,"22":15,"23":2},"f":{"0":16,"1":9,"2":15,"3":21},"b":{"0":[1,8],"1":[9,9],"2":[3,12],"3":[12,3]},"_coverageSchema":"332fd63041d2c1bcb487cc26dd0d5f7d97098a6c","hash":"63b5827891166631bbd09cfe73a8edc4c75472ef"}
,"C:\\Users\\Admin\\test_2025_01_mohamed_ghowainam\\backend\\services\\railroadService.js": {"path":"C:\\Users\\Admin\\test_2025_01_mohamed_ghowainam\\backend\\services\\railroadService.js","statementMap":{"0":{"start":{"line":1,"column":22},"end":{"line":1,"column":56}},"1":{"start":{"line":2,"column":15},"end":{"line":2,"column":41}},"2":{"start":{"line":3,"column":27},"end":{"line":3,"column":58}},"3":{"start":{"line":4,"column":24},"end":{"line":4,"column":52}},"4":{"start":{"line":5,"column":29},"end":{"line":5,"column":62}},"5":{"start":{"line":9,"column":8},"end":{"line":9,"column":64}},"6":{"start":{"line":10,"column":8},"end":{"line":10,"column":58}},"7":{"start":{"line":11,"column":8},"end":{"line":11,"column":68}},"8":{"start":{"line":12,"column":8},"end":{"line":12,"column":51}},"9":{"start":{"line":16,"column":8},"end":{"line":22,"column":9}},"10":{"start":{"line":17,"column":12},"end":{"line":17,"column":75}},"11":{"start":{"line":18,"column":12},"end":{"line":18,"column":61}},"12":{"start":{"line":20,"column":12},"end":{"line":20,"column":40}},"13":{"start":{"line":21,"column":12},"end":{"line":21,"column":33}},"14":{"start":{"line":26,"column":8},"end":{"line":34,"column":9}},"15":{"start":{"line":27,"column":12},"end":{"line":29,"column":14}},"16":{"start":{"line":30,"column":12},"end":{"line":30,"column":84}},"17":{"start":{"line":32,"column":12},"end":{"line":32,"column":40}},"18":{"start":{"line":33,"column":12},"end":{"line":33,"column":33}},"19":{"start":{"line":38,"column":8},"end":{"line":50,"column":9}},"20":{"start":{"line":39,"column":12},"end":{"line":41,"column":14}},"21":{"start":{"line":42,"column":12},"end":{"line":46,"column":14}},"22":{"start":{"line":48,"column":12},"end":{"line":48,"column":40}},"23":{"start":{"line":49,"column":12},"end":{"line":49,"column":33}},"24":{"start":{"line":54,"column":8},"end":{"line":60,"column":9}},"25":{"start":{"line":55,"column":12},"end":{"line":55,"column":74}},"26":{"start":{"line":56,"column":12},"end":{"line":56,"column":74}},"27":{"start":{"line":58,"column":12},"end":{"line":58,"column":40}},"28":{"start":{"line":59,"column":12},"end":{"line":59,"column":33}},"29":{"start":{"line":64,"column":8},"end":{"line":76,"column":9}},"30":{"start":{"line":65,"column":12},"end":{"line":67,"column":14}},"31":{"start":{"line":68,"column":12},"end":{"line":72,"column":14}},"32":{"start":{"line":74,"column":12},"end":{"line":74,"column":40}},"33":{"start":{"line":75,"column":12},"end":{"line":75,"column":33}},"34":{"start":{"line":80,"column":0},"end":{"line":80,"column":33}}},"fnMap":{"0":{"name":"(anonymous_0)","decl":{"start":{"line":8,"column":4},"end":{"line":8,"column":5}},"loc":{"start":{"line":8,"column":23},"end":{"line":13,"column":5}},"line":8},"1":{"name":"(anonymous_1)","decl":{"start":{"line":15,"column":4},"end":{"line":15,"column":5}},"loc":{"start":{"line":15,"column":22},"end":{"line":23,"column":5}},"line":15},"2":{"name":"(anonymous_2)","decl":{"start":{"line":25,"column":4},"end":{"line":25,"column":5}},"loc":{"start":{"line":25,"column":48},"end":{"line":35,"column":5}},"line":25},"3":{"name":"(anonymous_3)","decl":{"start":{"line":37,"column":4},"end":{"line":37,"column":5}},"loc":{"start":{"line":37,"column":52},"end":{"line":51,"column":5}},"line":37},"4":{"name":"(anonymous_4)","decl":{"start":{"line":53,"column":4},"end":{"line":53,"column":5}},"loc":{"start":{"line":53,"column":33},"end":{"line":61,"column":5}},"line":53},"5":{"name":"(anonymous_5)","decl":{"start":{"line":63,"column":4},"end":{"line":63,"column":5}},"loc":{"start":{"line":63,"column":57},"end":{"line":77,"column":5}},"line":63}},"branchMap":{},"s":{"0":1,"1":1,"2":1,"3":1,"4":1,"5":12,"6":12,"7":12,"8":12,"9":6,"10":6,"11":6,"12":0,"13":0,"14":1,"15":1,"16":1,"17":0,"18":0,"19":1,"20":1,"21":1,"22":0,"23":0,"24":3,"25":3,"26":3,"27":0,"28":0,"29":1,"30":1,"31":1,"32":0,"33":0,"34":1},"f":{"0":12,"1":6,"2":1,"3":1,"4":3,"5":1},"b":{},"_coverageSchema":"332fd63041d2c1bcb487cc26dd0d5f7d97098a6c","hash":"5004d70cf237cc27730460c2fa19c7215d2220a1"}
,"C:\\Users\\Admin\\test_2025_01_mohamed_ghowainam\\backend\\services\\routeCalculator.js": {"path":"C:\\Users\\Admin\\test_2025_01_mohamed_ghowainam\\backend\\services\\routeCalculator.js","statementMap":{"0":{"start":{"line":1,"column":15},"end":{"line":1,"column":41}},"1":{"start":{"line":5,"column":8},"end":{"line":5,"column":27}},"2":{"start":{"line":6,"column":8},"end":{"line":6,"column":51}},"3":{"start":{"line":10,"column":8},"end":{"line":22,"column":9}},"4":{"start":{"line":11,"column":12},"end":{"line":13,"column":13}},"5":{"start":{"line":12,"column":16},"end":{"line":12,"column":60}},"6":{"start":{"line":14,"column":12},"end":{"line":14,"column":101}},"7":{"start":{"line":15,"column":27},"end":{"line":15,"column":29}},"8":{"start":{"line":16,"column":12},"end":{"line":16,"column":79}},"9":{"start":{"line":17,"column":12},"end":{"line":17,"column":57}},"10":{"start":{"line":18,"column":12},"end":{"line":18,"column":26}},"11":{"start":{"line":20,"column":12},"end":{"line":20,"column":40}},"12":{"start":{"line":21,"column":12},"end":{"line":21,"column":33}},"13":{"start":{"line":26,"column":8},"end":{"line":26,"column":37}},"14":{"start":{"line":26,"column":30},"end":{"line":26,"column":37}},"15":{"start":{"line":27,"column":8},"end":{"line":30,"column":9}},"16":{"start":{"line":28,"column":12},"end":{"line":28,"column":42}},"17":{"start":{"line":29,"column":12},"end":{"line":29,"column":19}},"18":{"start":{"line":31,"column":8},"end":{"line":35,"column":11}},"19":{"start":{"line":32,"column":12},"end":{"line":32,"column":44}},"20":{"start":{"line":33,"column":12},"end":{"line":33,"column":104}},"21":{"start":{"line":34,"column":12},"end":{"line":34,"column":30}},"22":{"start":{"line":39,"column":8},"end":{"line":51,"column":9}},"23":{"start":{"line":40,"column":12},"end":{"line":42,"column":13}},"24":{"start":{"line":41,"column":16},"end":{"line":41,"column":60}},"25":{"start":{"line":43,"column":12},"end":{"line":43,"column":103}},"26":{"start":{"line":44,"column":27},"end":{"line":44,"column":29}},"27":{"start":{"line":45,"column":12},"end":{"line":45,"column":83}},"28":{"start":{"line":46,"column":12},"end":{"line":46,"column":57}},"29":{"start":{"line":47,"column":12},"end":{"line":47,"column":26}},"30":{"start":{"line":49,"column":12},"end":{"line":49,"column":40}},"31":{"start":{"line":50,"column":12},"end":{"line":50,"column":33}},"32":{"start":{"line":55,"column":8},"end":{"line":55,"column":39}},"33":{"start":{"line":55,"column":32},"end":{"line":55,"column":39}},"34":{"start":{"line":56,"column":8},"end":{"line":59,"column":69}},"35":{"start":{"line":57,"column":12},"end":{"line":57,"column":42}},"36":{"start":{"line":58,"column":12},"end":{"line":58,"column":19}},"37":{"start":{"line":59,"column":15},"end":{"line":59,"column":69}},"38":{"start":{"line":59,"column":62},"end":{"line":59,"column":69}},"39":{"start":{"line":60,"column":8},"end":{"line":64,"column":11}},"40":{"start":{"line":61,"column":12},"end":{"line":61,"column":44}},"41":{"start":{"line":62,"column":12},"end":{"line":62,"column":108}},"42":{"start":{"line":63,"column":12},"end":{"line":63,"column":30}},"43":{"start":{"line":68,"column":8},"end":{"line":80,"column":9}},"44":{"start":{"line":69,"column":12},"end":{"line":71,"column":13}},"45":{"start":{"line":70,"column":16},"end":{"line":70,"column":60}},"46":{"start":{"line":72,"column":12},"end":{"line":72,"column":111}},"47":{"start":{"line":73,"column":27},"end":{"line":73,"column":29}},"48":{"start":{"line":74,"column":12},"end":{"line":74,"column":85}},"49":{"start":{"line":75,"column":12},"end":{"line":75,"column":57}},"50":{"start":{"line":76,"column":12},"end":{"line":76,"column":26}},"51":{"start":{"line":78,"column":12},"end":{"line":78,"column":40}},"52":{"start":{"line":79,"column":12},"end":{"line":79,"column":33}},"53":{"start":{"line":84,"column":8},"end":{"line":84,"column":51}},"54":{"start":{"line":84,"column":44},"end":{"line":84,"column":51}},"55":{"start":{"line":85,"column":8},"end":{"line":88,"column":9}},"56":{"start":{"line":86,"column":12},"end":{"line":86,"column":42}},"57":{"start":{"line":87,"column":12},"end":{"line":87,"column":19}},"58":{"start":{"line":89,"column":8},"end":{"line":93,"column":11}},"59":{"start":{"line":90,"column":12},"end":{"line":90,"column":44}},"60":{"start":{"line":91,"column":12},"end":{"line":91,"column":134}},"61":{"start":{"line":92,"column":12},"end":{"line":92,"column":30}},"62":{"start":{"line":97,"column":0},"end":{"line":97,"column":33}}},"fnMap":{"0":{"name":"(anonymous_0)","decl":{"start":{"line":4,"column":4},"end":{"line":4,"column":5}},"loc":{"start":{"line":4,"column":23},"end":{"line":7,"column":5}},"line":4},"1":{"name":"(anonymous_1)","decl":{"start":{"line":9,"column":4},"end":{"line":9,"column":5}},"loc":{"start":{"line":9,"column":48},"end":{"line":23,"column":5}},"line":9},"2":{"name":"(anonymous_2)","decl":{"start":{"line":25,"column":4},"end":{"line":25,"column":5}},"loc":{"start":{"line":25,"column":85},"end":{"line":36,"column":5}},"line":25},"3":{"name":"(anonymous_3)","decl":{"start":{"line":31,"column":53},"end":{"line":31,"column":54}},"loc":{"start":{"line":31,"column":65},"end":{"line":35,"column":9}},"line":31},"4":{"name":"(anonymous_4)","decl":{"start":{"line":38,"column":4},"end":{"line":38,"column":5}},"loc":{"start":{"line":38,"column":52},"end":{"line":52,"column":5}},"line":38},"5":{"name":"(anonymous_5)","decl":{"start":{"line":54,"column":4},"end":{"line":54,"column":5}},"loc":{"start":{"line":54,"column":89},"end":{"line":65,"column":5}},"line":54},"6":{"name":"(anonymous_6)","decl":{"start":{"line":60,"column":53},"end":{"line":60,"column":54}},"loc":{"start":{"line":60,"column":65},"end":{"line":64,"column":9}},"line":60},"7":{"name":"(anonymous_7)","decl":{"start":{"line":67,"column":4},"end":{"line":67,"column":5}},"loc":{"start":{"line":67,"column":57},"end":{"line":81,"column":5}},"line":67},"8":{"name":"(anonymous_8)","decl":{"start":{"line":83,"column":4},"end":{"line":83,"column":5}},"loc":{"start":{"line":83,"column":101},"end":{"line":94,"column":5}},"line":83},"9":{"name":"(anonymous_9)","decl":{"start":{"line":89,"column":53},"end":{"line":89,"column":54}},"loc":{"start":{"line":89,"column":65},"end":{"line":93,"column":9}},"line":89}},"branchMap":{"0":{"loc":{"start":{"line":11,"column":12},"end":{"line":13,"column":13}},"type":"if","locations":[{"start":{"line":11,"column":12},"end":{"line":13,"column":13}},{"start":{"line":11,"column":12},"end":{"line":13,"column":13}}],"line":11},"1":{"loc":{"start":{"line":11,"column":16},"end":{"line":11,"column":78}},"type":"binary-expr","locations":[{"start":{"line":11,"column":16},"end":{"line":11,"column":22}},{"start":{"line":11,"column":26},"end":{"line":11,"column":30}},{"start":{"line":11,"column":34},"end":{"line":11,"column":62}},{"start":{"line":11,"column":66},"end":{"line":11,"column":78}}],"line":11},"2":{"loc":{"start":{"line":26,"column":8},"end":{"line":26,"column":37}},"type":"if","locations":[{"start":{"line":26,"column":8},"end":{"line":26,"column":37}},{"start":{"line":26,"column":8},"end":{"line":26,"column":37}}],"line":26},"3":{"loc":{"start":{"line":27,"column":8},"end":{"line":30,"column":9}},"type":"if","locations":[{"start":{"line":27,"column":8},"end":{"line":30,"column":9}},{"start":{"line":27,"column":8},"end":{"line":30,"column":9}}],"line":27},"4":{"loc":{"start":{"line":27,"column":12},"end":{"line":27,"column":46}},"type":"binary-expr","locations":[{"start":{"line":27,"column":12},"end":{"line":27,"column":31}},{"start":{"line":27,"column":35},"end":{"line":27,"column":46}}],"line":27},"5":{"loc":{"start":{"line":40,"column":12},"end":{"line":42,"column":13}},"type":"if","locations":[{"start":{"line":40,"column":12},"end":{"line":42,"column":13}},{"start":{"line":40,"column":12},"end":{"line":42,"column":13}}],"line":40},"6":{"loc":{"start":{"line":40,"column":16},"end":{"line":40,"column":82}},"type":"binary-expr","locations":[{"start":{"line":40,"column":16},"end":{"line":40,"column":22}},{"start":{"line":40,"column":26},"end":{"line":40,"column":30}},{"start":{"line":40,"column":34},"end":{"line":40,"column":64}},{"start":{"line":40,"column":68},"end":{"line":40,"column":82}}],"line":40},"7":{"loc":{"start":{"line":55,"column":8},"end":{"line":55,"column":39}},"type":"if","locations":[{"start":{"line":55,"column":8},"end":{"line":55,"column":39}},{"start":{"line":55,"column":8},"end":{"line":55,"column":39}}],"line":55},"8":{"loc":{"start":{"line":56,"column":8},"end":{"line":59,"column":69}},"type":"if","locations":[{"start":{"line":56,"column":8},"end":{"line":59,"column":69}},{"start":{"line":56,"column":8},"end":{"line":59,"column":69}}],"line":56},"9":{"loc":{"start":{"line":56,"column":12},"end":{"line":56,"column":55}},"type":"binary-expr","locations":[{"start":{"line":56,"column":12},"end":{"line":56,"column":31}},{"start":{"line":56,"column":35},"end":{"line":56,"column":55}}],"line":56},"10":{"loc":{"start":{"line":59,"column":15},"end":{"line":59,"column":69}},"type":"if","locations":[{"start":{"line":59,"column":15},"end":{"line":59,"column":69}},{"start":{"line":59,"column":15},"end":{"line":59,"column":69}}],"line":59},"11":{"loc":{"start":{"line":59,"column":19},"end":{"line":59,"column":60}},"type":"binary-expr","locations":[{"start":{"line":59,"column":19},"end":{"line":59,"column":37}},{"start":{"line":59,"column":41},"end":{"line":59,"column":60}}],"line":59},"12":{"loc":{"start":{"line":69,"column":12},"end":{"line":71,"column":13}},"type":"if","locations":[{"start":{"line":69,"column":12},"end":{"line":71,"column":13}},{"start":{"line":69,"column":12},"end":{"line":71,"column":13}}],"line":69},"13":{"loc":{"start":{"line":69,"column":16},"end":{"line":69,"column":85}},"type":"binary-expr","locations":[{"start":{"line":69,"column":16},"end":{"line":69,"column":22}},{"start":{"line":69,"column":26},"end":{"line":69,"column":30}},{"start":{"line":69,"column":34},"end":{"line":69,"column":65}},{"start":{"line":69,"column":69},"end":{"line":69,"column":85}}],"line":69},"14":{"loc":{"start":{"line":84,"column":8},"end":{"line":84,"column":51}},"type":"if","locations":[{"start":{"line":84,"column":8},"end":{"line":84,"column":51}},{"start":{"line":84,"column":8},"end":{"line":84,"column":51}}],"line":84},"15":{"loc":{"start":{"line":85,"column":8},"end":{"line":88,"column":9}},"type":"if","locations":[{"start":{"line":85,"column":8},"end":{"line":88,"column":9}},{"start":{"line":85,"column":8},"end":{"line":88,"column":9}}],"line":85},"16":{"loc":{"start":{"line":85,"column":12},"end":{"line":85,"column":56}},"type":"binary-expr","locations":[{"start":{"line":85,"column":12},"end":{"line":85,"column":31}},{"start":{"line":85,"column":35},"end":{"line":85,"column":56}}],"line":85}},"s":{"0":2,"1":17,"2":17,"3":3,"4":3,"5":1,"6":2,"7":2,"8":2,"9":2,"10":2,"11":1,"12":1,"13":11,"14":1,"15":10,"16":3,"17":3,"18":7,"19":9,"20":9,"21":9,"22":2,"23":2,"24":0,"25":2,"26":2,"27":2,"28":2,"29":2,"30":0,"31":0,"32":13,"33":0,"34":13,"35":2,"36":2,"37":11,"38":3,"39":8,"40":11,"41":11,"42":11,"43":2,"44":2,"45":0,"46":2,"47":2,"48":2,"49":2,"50":2,"51":0,"52":0,"53":11,"54":0,"55":11,"56":4,"57":4,"58":7,"59":9,"60":9,"61":9,"62":2},"f":{"0":17,"1":3,"2":11,"3":9,"4":2,"5":13,"6":11,"7":2,"8":11,"9":9},"b":{"0":[1,2],"1":[3,2,2,2],"2":[1,10],"3":[3,7],"4":[10,4],"5":[0,2],"6":[2,2,2,2],"7":[0,13],"8":[2,11],"9":[13,5],"10":[3,8],"11":[11,11],"12":[0,2],"13":[2,2,2,2],"14":[0,11],"15":[4,7],"16":[11,5]},"_coverageSchema":"332fd63041d2c1bcb487cc26dd0d5f7d97098a6c","hash":"91af87aebf3e3c49944a558e72db5520f22a3516"}
,"C:\\Users\\Admin\\test_2025_01_mohamed_ghowainam\\backend\\services\\shortRouteCalculator.js": {"path":"C:\\Users\\Admin\\test_2025_01_mohamed_ghowainam\\backend\\services\\shortRouteCalculator.js","statementMap":{"0":{"start":{"line":1,"column":15},"end":{"line":1,"column":41}},"1":{"start":{"line":5,"column":4},"end":{"line":5,"column":23}},"2":{"start":{"line":6,"column":4},"end":{"line":6,"column":52}},"3":{"start":{"line":10,"column":4},"end":{"line":45,"column":5}},"4":{"start":{"line":11,"column":6},"end":{"line":13,"column":7}},"5":{"start":{"line":12,"column":8},"end":{"line":12,"column":54}},"6":{"start":{"line":14,"column":6},"end":{"line":14,"column":72}},"7":{"start":{"line":16,"column":8},"end":{"line":16,"column":49}},"8":{"start":{"line":18,"column":6},"end":{"line":39,"column":7}},"9":{"start":{"line":20,"column":10},"end":{"line":20,"column":29}},"10":{"start":{"line":22,"column":8},"end":{"line":22,"column":74}},"11":{"start":{"line":22,"column":65},"end":{"line":22,"column":74}},"12":{"start":{"line":23,"column":8},"end":{"line":23,"column":38}},"13":{"start":{"line":25,"column":8},"end":{"line":25,"column":69}},"14":{"start":{"line":27,"column":8},"end":{"line":30,"column":9}},"15":{"start":{"line":28,"column":10},"end":{"line":28,"column":69}},"16":{"start":{"line":29,"column":10},"end":{"line":29,"column":33}},"17":{"start":{"line":32,"column":8},"end":{"line":38,"column":10}},"18":{"start":{"line":41,"column":6},"end":{"line":41,"column":39}},"19":{"start":{"line":43,"column":6},"end":{"line":43,"column":34}},"20":{"start":{"line":44,"column":6},"end":{"line":44,"column":27}},"21":{"start":{"line":49,"column":22},"end":{"line":49,"column":31}},"22":{"start":{"line":50,"column":25},"end":{"line":50,"column":34}},"23":{"start":{"line":51,"column":26},"end":{"line":51,"column":56}},"24":{"start":{"line":52,"column":4},"end":{"line":52,"column":54}},"25":{"start":{"line":56,"column":4},"end":{"line":56,"column":64}},"26":{"start":{"line":60,"column":4},"end":{"line":65,"column":5}},"27":{"start":{"line":64,"column":6},"end":{"line":64,"column":50}},"28":{"start":{"line":69,"column":4},"end":{"line":72,"column":6}},"29":{"start":{"line":82,"column":4},"end":{"line":89,"column":7}},"30":{"start":{"line":83,"column":6},"end":{"line":88,"column":7}},"31":{"start":{"line":84,"column":8},"end":{"line":87,"column":11}},"32":{"start":{"line":90,"column":4},"end":{"line":90,"column":58}},"33":{"start":{"line":90,"column":33},"end":{"line":90,"column":56}},"34":{"start":{"line":94,"column":0},"end":{"line":94,"column":38}}},"fnMap":{"0":{"name":"(anonymous_0)","decl":{"start":{"line":4,"column":2},"end":{"line":4,"column":3}},"loc":{"start":{"line":4,"column":21},"end":{"line":7,"column":3}},"line":4},"1":{"name":"(anonymous_1)","decl":{"start":{"line":9,"column":2},"end":{"line":9,"column":3}},"loc":{"start":{"line":9,"column":31},"end":{"line":46,"column":3}},"line":9},"2":{"name":"(anonymous_2)","decl":{"start":{"line":48,"column":2},"end":{"line":48,"column":3}},"loc":{"start":{"line":48,"column":39},"end":{"line":53,"column":3}},"line":48},"3":{"name":"(anonymous_3)","decl":{"start":{"line":55,"column":2},"end":{"line":55,"column":3}},"loc":{"start":{"line":55,"column":49},"end":{"line":57,"column":3}},"line":55},"4":{"name":"(anonymous_4)","decl":{"start":{"line":59,"column":2},"end":{"line":59,"column":3}},"loc":{"start":{"line":59,"column":58},"end":{"line":66,"column":3}},"line":59},"5":{"name":"(anonymous_5)","decl":{"start":{"line":68,"column":2},"end":{"line":68,"column":3}},"loc":{"start":{"line":68,"column":61},"end":{"line":73,"column":3}},"line":68},"6":{"name":"(anonymous_6)","decl":{"start":{"line":75,"column":2},"end":{"line":75,"column":3}},"loc":{"start":{"line":81,"column":4},"end":{"line":91,"column":3}},"line":81},"7":{"name":"(anonymous_7)","decl":{"start":{"line":82,"column":49},"end":{"line":82,"column":50}},"loc":{"start":{"line":82,"column":63},"end":{"line":89,"column":5}},"line":82},"8":{"name":"(anonymous_8)","decl":{"start":{"line":90,"column":23},"end":{"line":90,"column":24}},"loc":{"start":{"line":90,"column":33},"end":{"line":90,"column":56}},"line":90}},"branchMap":{"0":{"loc":{"start":{"line":11,"column":6},"end":{"line":13,"column":7}},"type":"if","locations":[{"start":{"line":11,"column":6},"end":{"line":13,"column":7}},{"start":{"line":11,"column":6},"end":{"line":13,"column":7}}],"line":11},"1":{"loc":{"start":{"line":11,"column":10},"end":{"line":11,"column":24}},"type":"binary-expr","locations":[{"start":{"line":11,"column":10},"end":{"line":11,"column":16}},{"start":{"line":11,"column":20},"end":{"line":11,"column":24}}],"line":11},"2":{"loc":{"start":{"line":22,"column":8},"end":{"line":22,"column":74}},"type":"if","locations":[{"start":{"line":22,"column":8},"end":{"line":22,"column":74}},{"start":{"line":22,"column":8},"end":{"line":22,"column":74}}],"line":22},"3":{"loc":{"start":{"line":27,"column":8},"end":{"line":30,"column":9}},"type":"if","locations":[{"start":{"line":27,"column":8},"end":{"line":30,"column":9}},{"start":{"line":27,"column":8},"end":{"line":30,"column":9}}],"line":27},"4":{"loc":{"start":{"line":56,"column":11},"end":{"line":56,"column":63}},"type":"binary-expr","locations":[{"start":{"line":56,"column":11},"end":{"line":56,"column":40}},{"start":{"line":56,"column":44},"end":{"line":56,"column":63}}],"line":56},"5":{"loc":{"start":{"line":60,"column":4},"end":{"line":65,"column":5}},"type":"if","locations":[{"start":{"line":60,"column":4},"end":{"line":65,"column":5}},{"start":{"line":60,"column":4},"end":{"line":65,"column":5}}],"line":60},"6":{"loc":{"start":{"line":61,"column":6},"end":{"line":62,"column":50}},"type":"binary-expr","locations":[{"start":{"line":61,"column":6},"end":{"line":61,"column":33}},{"start":{"line":62,"column":6},"end":{"line":62,"column":50}}],"line":61},"7":{"loc":{"start":{"line":70,"column":6},"end":{"line":71,"column":54}},"type":"binary-expr","locations":[{"start":{"line":70,"column":7},"end":{"line":70,"column":26}},{"start":{"line":70,"column":30},"end":{"line":70,"column":51}},{"start":{"line":71,"column":7},"end":{"line":71,"column":28}},{"start":{"line":71,"column":32},"end":{"line":71,"column":53}}],"line":70},"8":{"loc":{"start":{"line":83,"column":6},"end":{"line":88,"column":7}},"type":"if","locations":[{"start":{"line":83,"column":6},"end":{"line":88,"column":7}},{"start":{"line":83,"column":6},"end":{"line":88,"column":7}}],"line":83},"9":{"loc":{"start":{"line":83,"column":10},"end":{"line":83,"column":67}},"type":"binary-expr","locations":[{"start":{"line":83,"column":10},"end":{"line":83,"column":42}},{"start":{"line":83,"column":46},"end":{"line":83,"column":67}}],"line":83}},"s":{"0":2,"1":16,"2":16,"3":6,"4":6,"5":1,"6":5,"7":5,"8":5,"9":16,"10":16,"11":0,"12":16,"13":16,"14":16,"15":3,"16":3,"17":13,"18":2,"19":3,"20":3,"21":5,"22":5,"23":5,"24":5,"25":16,"26":16,"27":15,"28":16,"29":13,"30":18,"31":14,"32":13,"33":18,"34":2},"f":{"0":16,"1":6,"2":5,"3":16,"4":16,"5":16,"6":13,"7":18,"8":18},"b":{"0":[1,5],"1":[6,5],"2":[0,16],"3":[3,13],"4":[16,1],"5":[15,1],"6":[16,1],"7":[16,4,14,6],"8":[14,4],"9":[18,5]},"_coverageSchema":"332fd63041d2c1bcb487cc26dd0d5f7d97098a6c","hash":"ca1bbae6bb8e2a98d5816f35541d4c7175a239c2"}
,"C:\\Users\\Admin\\test_2025_01_mohamed_ghowainam\\backend\\utils\\logger.js": {"path":"C:\\Users\\Admin\\test_2025_01_mohamed_ghowainam\\backend\\utils\\logger.js","statementMap":{"0":{"start":{"line":1,"column":45},"end":{"line":1,"column":63}},"1":{"start":{"line":2,"column":24},"end":{"line":2,"column":60}},"2":{"start":{"line":4,"column":15},"end":{"line":20,"column":2}},"3":{"start":{"line":8,"column":57},"end":{"line":8,"column":94}},"4":{"start":{"line":22,"column":0},"end":{"line":22,"column":24}}},"fnMap":{"0":{"name":"(anonymous_0)","decl":{"start":{"line":8,"column":22},"end":{"line":8,"column":23}},"loc":{"start":{"line":8,"column":57},"end":{"line":8,"column":94}},"line":8}},"branchMap":{},"s":{"0":4,"1":4,"2":4,"3":105,"4":4},"f":{"0":105},"b":{},"_coverageSchema":"332fd63041d2c1bcb487cc26dd0d5f7d97098a6c","hash":"b2e592c5312afedf9ff527c254ba7a092c77c27d"}
}
