TN:
SF:C:\Users\Admin\test_2025_01_mohamed_ghowainam\backend\models\RailroadGraph.js
FN:5,(anonymous_0)
FN:11,(anonymous_1)
FN:17,(anonymous_2)
FN:29,(anonymous_3)
FNF:4
FNH:4
FNDA:1,(anonymous_0)
FNDA:9,(anonymous_1)
FNDA:9,(anonymous_2)
FNDA:43,(anonymous_3)
DA:1,2
DA:6,1
DA:7,0
DA:10,1
DA:11,1
DA:12,9
DA:14,1
DA:18,9
DA:19,0
DA:21,9
DA:22,5
DA:24,9
DA:25,9
DA:30,43
DA:34,2
LF:15
LH:13
BRDA:6,0,0,0
BRDA:6,0,1,1
BRDA:18,1,0,0
BRDA:18,1,1,9
BRDA:18,2,0,9
BRDA:18,2,1,9
BRDA:21,3,0,5
BRDA:21,3,1,4
BRDA:30,4,0,43
BRDA:30,4,1,0
BRF:10
BRH:7
end_of_record
TN:
SF:C:\Users\Admin\test_2025_01_mohamed_ghowainam\backend\services\distanceCalculator.js
FN:4,(anonymous_0)
FN:9,(anonymous_1)
FN:29,(anonymous_2)
FN:31,(anonymous_3)
FNF:4
FNH:4
FNDA:16,(anonymous_0)
FNDA:9,(anonymous_1)
FNDA:15,(anonymous_2)
FNDA:21,(anonymous_3)
DA:1,2
DA:5,16
DA:6,16
DA:10,9
DA:11,9
DA:12,1
DA:14,8
DA:15,8
DA:16,8
DA:17,15
DA:18,15
DA:19,12
DA:21,5
DA:22,5
DA:24,1
DA:25,1
DA:30,15
DA:31,21
DA:32,15
DA:33,15
DA:34,15
DA:38,2
LF:22
LH:22
BRDA:11,0,0,1
BRDA:11,0,1,8
BRDA:11,1,0,9
BRDA:11,1,1,9
BRDA:18,2,0,3
BRDA:18,2,1,12
BRDA:32,3,0,12
BRDA:32,3,1,3
BRF:8
BRH:8
end_of_record
TN:
SF:C:\Users\Admin\test_2025_01_mohamed_ghowainam\backend\services\railroadService.js
FN:8,(anonymous_0)
FN:15,(anonymous_1)
FN:25,(anonymous_2)
FN:37,(anonymous_3)
FN:53,(anonymous_4)
FN:63,(anonymous_5)
FNF:6
FNH:6
FNDA:12,(anonymous_0)
FNDA:6,(anonymous_1)
FNDA:1,(anonymous_2)
FNDA:1,(anonymous_3)
FNDA:3,(anonymous_4)
FNDA:1,(anonymous_5)
DA:1,1
DA:2,1
DA:3,1
DA:4,1
DA:5,1
DA:9,12
DA:10,12
DA:11,12
DA:12,12
DA:16,6
DA:17,6
DA:18,6
DA:20,0
DA:21,0
DA:26,1
DA:27,1
DA:30,1
DA:32,0
DA:33,0
DA:38,1
DA:39,1
DA:42,1
DA:48,0
DA:49,0
DA:54,3
DA:55,3
DA:56,3
DA:58,0
DA:59,0
DA:64,1
DA:65,1
DA:68,1
DA:74,0
DA:75,0
DA:80,1
LF:35
LH:25
BRF:0
BRH:0
end_of_record
TN:
SF:C:\Users\Admin\test_2025_01_mohamed_ghowainam\backend\services\routeCalculator.js
FN:4,(anonymous_0)
FN:9,(anonymous_1)
FN:25,(anonymous_2)
FN:31,(anonymous_3)
FN:38,(anonymous_4)
FN:54,(anonymous_5)
FN:60,(anonymous_6)
FN:67,(anonymous_7)
FN:83,(anonymous_8)
FN:89,(anonymous_9)
FNF:10
FNH:10
FNDA:17,(anonymous_0)
FNDA:3,(anonymous_1)
FNDA:11,(anonymous_2)
FNDA:9,(anonymous_3)
FNDA:2,(anonymous_4)
FNDA:13,(anonymous_5)
FNDA:11,(anonymous_6)
FNDA:2,(anonymous_7)
FNDA:11,(anonymous_8)
FNDA:9,(anonymous_9)
DA:1,2
DA:5,17
DA:6,17
DA:10,3
DA:11,3
DA:12,1
DA:14,2
DA:15,2
DA:16,2
DA:17,2
DA:18,2
DA:20,1
DA:21,1
DA:26,11
DA:27,10
DA:28,3
DA:29,3
DA:31,7
DA:32,9
DA:33,9
DA:34,9
DA:39,2
DA:40,2
DA:41,0
DA:43,2
DA:44,2
DA:45,2
DA:46,2
DA:47,2
DA:49,0
DA:50,0
DA:55,13
DA:56,13
DA:57,2
DA:58,2
DA:59,11
DA:60,8
DA:61,11
DA:62,11
DA:63,11
DA:68,2
DA:69,2
DA:70,0
DA:72,2
DA:73,2
DA:74,2
DA:75,2
DA:76,2
DA:78,0
DA:79,0
DA:84,11
DA:85,11
DA:86,4
DA:87,4
DA:89,7
DA:90,9
DA:91,9
DA:92,9
DA:97,2
LF:59
LH:53
BRDA:11,0,0,1
BRDA:11,0,1,2
BRDA:11,1,0,3
BRDA:11,1,1,2
BRDA:11,1,2,2
BRDA:11,1,3,2
BRDA:26,2,0,1
BRDA:26,2,1,10
BRDA:27,3,0,3
BRDA:27,3,1,7
BRDA:27,4,0,10
BRDA:27,4,1,4
BRDA:40,5,0,0
BRDA:40,5,1,2
BRDA:40,6,0,2
BRDA:40,6,1,2
BRDA:40,6,2,2
BRDA:40,6,3,2
BRDA:55,7,0,0
BRDA:55,7,1,13
BRDA:56,8,0,2
BRDA:56,8,1,11
BRDA:56,9,0,13
BRDA:56,9,1,5
BRDA:59,10,0,3
BRDA:59,10,1,8
BRDA:59,11,0,11
BRDA:59,11,1,11
BRDA:69,12,0,0
BRDA:69,12,1,2
BRDA:69,13,0,2
BRDA:69,13,1,2
BRDA:69,13,2,2
BRDA:69,13,3,2
BRDA:84,14,0,0
BRDA:84,14,1,11
BRDA:85,15,0,4
BRDA:85,15,1,7
BRDA:85,16,0,11
BRDA:85,16,1,5
BRF:40
BRH:36
end_of_record
TN:
SF:C:\Users\Admin\test_2025_01_mohamed_ghowainam\backend\services\shortRouteCalculator.js
FN:4,(anonymous_0)
FN:9,(anonymous_1)
FN:48,(anonymous_2)
FN:55,(anonymous_3)
FN:59,(anonymous_4)
FN:68,(anonymous_5)
FN:75,(anonymous_6)
FN:82,(anonymous_7)
FN:90,(anonymous_8)
FNF:9
FNH:9
FNDA:16,(anonymous_0)
FNDA:6,(anonymous_1)
FNDA:5,(anonymous_2)
FNDA:16,(anonymous_3)
FNDA:16,(anonymous_4)
FNDA:16,(anonymous_5)
FNDA:13,(anonymous_6)
FNDA:18,(anonymous_7)
FNDA:18,(anonymous_8)
DA:1,2
DA:5,16
DA:6,16
DA:10,6
DA:11,6
DA:12,1
DA:14,5
DA:16,5
DA:18,5
DA:20,16
DA:22,16
DA:23,16
DA:25,16
DA:27,16
DA:28,3
DA:29,3
DA:32,13
DA:41,2
DA:43,3
DA:44,3
DA:49,5
DA:50,5
DA:51,5
DA:52,5
DA:56,16
DA:60,16
DA:64,15
DA:69,16
DA:82,13
DA:83,18
DA:84,14
DA:90,18
DA:94,2
LF:33
LH:33
BRDA:11,0,0,1
BRDA:11,0,1,5
BRDA:11,1,0,6
BRDA:11,1,1,5
BRDA:22,2,0,0
BRDA:22,2,1,16
BRDA:27,3,0,3
BRDA:27,3,1,13
BRDA:56,4,0,16
BRDA:56,4,1,1
BRDA:60,5,0,15
BRDA:60,5,1,1
BRDA:61,6,0,16
BRDA:61,6,1,1
BRDA:70,7,0,16
BRDA:70,7,1,4
BRDA:70,7,2,14
BRDA:70,7,3,6
BRDA:83,8,0,14
BRDA:83,8,1,4
BRDA:83,9,0,18
BRDA:83,9,1,5
BRF:22
BRH:21
end_of_record
TN:
SF:C:\Users\Admin\test_2025_01_mohamed_ghowainam\backend\utils\logger.js
FN:8,(anonymous_0)
FNF:1
FNH:1
FNDA:105,(anonymous_0)
DA:1,4
DA:2,4
DA:4,4
DA:8,105
DA:22,4
LF:5
LH:5
BRF:0
BRH:0
end_of_record
